{"name": "Переход в Личный кабинет", "status": "broken", "statusDetails": {"message": "selenium.common.exceptions.ElementClickInterceptedException: Message: Element <a class=\"AppHeader_header__link__3D_hX\" href=\"/account\"> is not clickable at point (1096,44) because another element <div class=\"Modal_modal_overlay__x2ZCr\"> obscures it\nStacktrace:\nRemoteError@chrome://remote/content/shared/RemoteError.sys.mjs:8:8\nWebDriverError@chrome://remote/content/shared/webdriver/Errors.sys.mjs:193:5\nElementClickInterceptedError@chrome://remote/content/shared/webdriver/Errors.sys.mjs:337:5\nwebdriverClickElement@chrome://remote/content/marionette/interaction.sys.mjs:177:11\ninteraction.clickElement@chrome://remote/content/marionette/interaction.sys.mjs:136:11\nclickElement@chrome://remote/content/marionette/actors/MarionetteCommandsChild.sys.mjs:205:29\nreceiveMessage@chrome://remote/content/marionette/actors/MarionetteCommandsChild.sys.mjs:85:31", "trace": "self = <tests.test_account.TestPersonalPage object at 0x1033fd050>, driver = <selenium.webdriver.firefox.webdriver.WebDriver (session=\"9ef22605-762c-4f20-bb2c-12ab12333e2d\")>\ncreate_ui_user = {'accessToken': 'Bearer eyJhbGciOiJIUzI1NiIsInR5cCI6IkpXVCJ9.eyJpZCI6IjY2YzM3NGQ3OWVkMjgwMDAxYjQ5YWE4YyIsImlhdCI6MTcyN...yZMfWLFI_Sj8IsSxSldGx_-tA', 'email': 'ashley68@example.com', 'name': 'Wesley Gilbert', 'password': 'k@8E%z0IJx)C', ...}\n\n    @allure.title('Переход в Личный кабинет')\n    @allure.description('Переход по клику на «Личный кабинет», переход в раздел «История заказов», выход из аккаунта.')\n    def test_user_login(self, driver, create_ui_user):\n        user_page = PersonalAccPage(driver)\n    \n        with allure.step('Открытие страницы Личного кабинета'):\n            user_page.click_personal_page()\n    \n        with allure.step('Вход в систему с использованием учетных данных'):\n            user_page.login_user(create_ui_user['email'], create_ui_user['password'])\n    \n        with allure.step('Проверка перехода на страницу Личного кабинета'):\n>           user_page.click_personal_page()\n\ntests/test_account.py:24: \n_ _ _ _ _ _ _ _ _ _ _ _ _ _ _ _ _ _ _ _ _ _ _ _ _ _ _ _ _ _ _ _ _ _ _ _ _ _ _ _ _ _ _ _ _ _ _ _ _ _ _ _ _ _ _ _ _ _ _ _ _ _ _ _ _ _ _ _ _ _ _ _ _ _ _ _ _ _ _ _ _ _ _ _ _ _ _ _ _ _ _\npages/person_page.py:14: in click_personal_page\n    self.find_element(Login.ACCOUNT_PAGE_BUTTON).click()\n/Library/Frameworks/Python.framework/Versions/3.11/lib/python3.11/site-packages/selenium/webdriver/remote/webelement.py:94: in click\n    self._execute(Command.CLICK_ELEMENT)\n/Library/Frameworks/Python.framework/Versions/3.11/lib/python3.11/site-packages/selenium/webdriver/remote/webelement.py:395: in _execute\n    return self._parent.execute(command, params)\n/Library/Frameworks/Python.framework/Versions/3.11/lib/python3.11/site-packages/selenium/webdriver/remote/webdriver.py:347: in execute\n    self.error_handler.check_response(response)\n_ _ _ _ _ _ _ _ _ _ _ _ _ _ _ _ _ _ _ _ _ _ _ _ _ _ _ _ _ _ _ _ _ _ _ _ _ _ _ _ _ _ _ _ _ _ _ _ _ _ _ _ _ _ _ _ _ _ _ _ _ _ _ _ _ _ _ _ _ _ _ _ _ _ _ _ _ _ _ _ _ _ _ _ _ _ _ _ _ _ _\n\nself = <selenium.webdriver.remote.errorhandler.ErrorHandler object at 0x103414310>\nresponse = {'status': 400, 'value': '{\"value\":{\"error\":\"element click intercepted\",\"message\":\"Element <a class=\\\\\"AppHeader_heade...sys.mjs:205:29\\\\nreceiveMessage@chrome://remote/content/marionette/actors/MarionetteCommandsChild.sys.mjs:85:31\\\\n\"}}'}\n\n    def check_response(self, response: Dict[str, Any]) -> None:\n        \"\"\"Checks that a JSON response from the WebDriver does not have an\n        error.\n    \n        :Args:\n         - response - The JSON response from the WebDriver server as a dictionary\n           object.\n    \n        :Raises: If the response contains an error message.\n        \"\"\"\n        status = response.get(\"status\", None)\n        if not status or status == ErrorCode.SUCCESS:\n            return\n        value = None\n        message = response.get(\"message\", \"\")\n        screen: str = response.get(\"screen\", \"\")\n        stacktrace = None\n        if isinstance(status, int):\n            value_json = response.get(\"value\", None)\n            if value_json and isinstance(value_json, str):\n                import json\n    \n                try:\n                    value = json.loads(value_json)\n                    if len(value) == 1:\n                        value = value[\"value\"]\n                    status = value.get(\"error\", None)\n                    if not status:\n                        status = value.get(\"status\", ErrorCode.UNKNOWN_ERROR)\n                        message = value.get(\"value\") or value.get(\"message\")\n                        if not isinstance(message, str):\n                            value = message\n                            message = message.get(\"message\")\n                    else:\n                        message = value.get(\"message\", None)\n                except ValueError:\n                    pass\n    \n        exception_class: Type[WebDriverException]\n        e = ErrorCode()\n        error_codes = [item for item in dir(e) if not item.startswith(\"__\")]\n        for error_code in error_codes:\n            error_info = getattr(ErrorCode, error_code)\n            if isinstance(error_info, list) and status in error_info:\n                exception_class = getattr(ExceptionMapping, error_code, WebDriverException)\n                break\n        else:\n            exception_class = WebDriverException\n    \n        if not value:\n            value = response[\"value\"]\n        if isinstance(value, str):\n            raise exception_class(value)\n        if message == \"\" and \"message\" in value:\n            message = value[\"message\"]\n    \n        screen = None  # type: ignore[assignment]\n        if \"screen\" in value:\n            screen = value[\"screen\"]\n    \n        stacktrace = None\n        st_value = value.get(\"stackTrace\") or value.get(\"stacktrace\")\n        if st_value:\n            if isinstance(st_value, str):\n                stacktrace = st_value.split(\"\\n\")\n            else:\n                stacktrace = []\n                try:\n                    for frame in st_value:\n                        line = frame.get(\"lineNumber\", \"\")\n                        file = frame.get(\"fileName\", \"<anonymous>\")\n                        if line:\n                            file = f\"{file}:{line}\"\n                        meth = frame.get(\"methodName\", \"<anonymous>\")\n                        if \"className\" in frame:\n                            meth = f\"{frame['className']}.{meth}\"\n                        msg = \"    at %s (%s)\"\n                        msg = msg % (meth, file)\n                        stacktrace.append(msg)\n                except TypeError:\n                    pass\n        if exception_class == UnexpectedAlertPresentException:\n            alert_text = None\n            if \"data\" in value:\n                alert_text = value[\"data\"].get(\"text\")\n            elif \"alert\" in value:\n                alert_text = value[\"alert\"].get(\"text\")\n            raise exception_class(message, screen, stacktrace, alert_text)  # type: ignore[call-arg]  # mypy is not smart enough here\n>       raise exception_class(message, screen, stacktrace)\nE       selenium.common.exceptions.ElementClickInterceptedException: Message: Element <a class=\"AppHeader_header__link__3D_hX\" href=\"/account\"> is not clickable at point (1096,44) because another element <div class=\"Modal_modal_overlay__x2ZCr\"> obscures it\nE       Stacktrace:\nE       RemoteError@chrome://remote/content/shared/RemoteError.sys.mjs:8:8\nE       WebDriverError@chrome://remote/content/shared/webdriver/Errors.sys.mjs:193:5\nE       ElementClickInterceptedError@chrome://remote/content/shared/webdriver/Errors.sys.mjs:337:5\nE       webdriverClickElement@chrome://remote/content/marionette/interaction.sys.mjs:177:11\nE       interaction.clickElement@chrome://remote/content/marionette/interaction.sys.mjs:136:11\nE       clickElement@chrome://remote/content/marionette/actors/MarionetteCommandsChild.sys.mjs:205:29\nE       receiveMessage@chrome://remote/content/marionette/actors/MarionetteCommandsChild.sys.mjs:85:31\n\n/Library/Frameworks/Python.framework/Versions/3.11/lib/python3.11/site-packages/selenium/webdriver/remote/errorhandler.py:229: ElementClickInterceptedException"}, "description": "Переход по клику на «Личный кабинет», переход в раздел «История заказов», выход из аккаунта.", "steps": [{"name": "Открытие страницы Личного кабинета", "status": "passed", "steps": [{"name": "Клик по Личному кабинету", "status": "passed", "steps": [{"name": "поиск элемента", "status": "passed", "parameters": [{"name": "locator", "value": "('xpath', \"//a[@href='/account']\")"}, {"name": "time", "value": "30"}], "start": 1724085463232, "stop": 1724085463253}], "start": 1724085463232, "stop": 1724085463494}], "start": 1724085463232, "stop": 1724085463494}, {"name": "Вход в систему с использованием учетных данных", "status": "passed", "steps": [{"name": "ввод почты и пароля", "status": "passed", "steps": [{"name": "поиск элемента", "status": "passed", "parameters": [{"name": "locator", "value": "('xpath', \"//input[@type='text']\")"}, {"name": "time", "value": "30"}], "start": 1724085463494, "stop": 1724085463500}, {"name": "поиск элемента", "status": "passed", "parameters": [{"name": "locator", "value": "('xpath', \"//input[contains(@type, 'password')]\")"}, {"name": "time", "value": "30"}], "start": 1724085463539, "stop": 1724085463544}, {"name": "поиск элемента", "status": "passed", "parameters": [{"name": "locator", "value": "('xpath', \"//button[contains(@class, 'button')]\")"}, {"name": "time", "value": "30"}], "start": 1724085463555, "stop": 1724085463561}], "parameters": [{"name": "email", "value": "'ashley68@example.com'"}, {"name": "password", "value": "'k@8E%z0IJx)C'"}], "start": 1724085463494, "stop": 1724085463779}], "start": 1724085463494, "stop": 1724085463779}, {"name": "Проверка перехода на страницу Личного кабинета", "status": "broken", "statusDetails": {"message": "selenium.common.exceptions.ElementClickInterceptedException: Message: Element <a class=\"AppHeader_header__link__3D_hX\" href=\"/account\"> is not clickable at point (1096,44) because another element <div class=\"Modal_modal_overlay__x2ZCr\"> obscures it\nStacktrace:\nRemoteError@chrome://remote/content/shared/RemoteError.sys.mjs:8:8\nWebDriverError@chrome://remote/content/shared/webdriver/Errors.sys.mjs:193:5\nElementClickInterceptedError@chrome://remote/content/shared/webdriver/Errors.sys.mjs:337:5\nwebdriverClickElement@chrome://remote/content/marionette/interaction.sys.mjs:177:11\ninteraction.clickElement@chrome://remote/content/marionette/interaction.sys.mjs:136:11\nclickElement@chrome://remote/content/marionette/actors/MarionetteCommandsChild.sys.mjs:205:29\nreceiveMessage@chrome://remote/content/marionette/actors/MarionetteCommandsChild.sys.mjs:85:31\n\n", "trace": "  File \"/Users/m.pecherskiy/Diplom_3/tests/test_account.py\", line 24, in test_user_login\n    user_page.click_personal_page()\n  File \"/Library/Frameworks/Python.framework/Versions/3.11/lib/python3.11/site-packages/allure_commons/_allure.py\", line 192, in impl\n    return func(*a, **kw)\n           ^^^^^^^^^^^^^^\n  File \"/Users/m.pecherskiy/Diplom_3/pages/person_page.py\", line 14, in click_personal_page\n    self.find_element(Login.ACCOUNT_PAGE_BUTTON).click()\n  File \"/Library/Frameworks/Python.framework/Versions/3.11/lib/python3.11/site-packages/selenium/webdriver/remote/webelement.py\", line 94, in click\n    self._execute(Command.CLICK_ELEMENT)\n  File \"/Library/Frameworks/Python.framework/Versions/3.11/lib/python3.11/site-packages/selenium/webdriver/remote/webelement.py\", line 395, in _execute\n    return self._parent.execute(command, params)\n           ^^^^^^^^^^^^^^^^^^^^^^^^^^^^^^^^^^^^^\n  File \"/Library/Frameworks/Python.framework/Versions/3.11/lib/python3.11/site-packages/selenium/webdriver/remote/webdriver.py\", line 347, in execute\n    self.error_handler.check_response(response)\n  File \"/Library/Frameworks/Python.framework/Versions/3.11/lib/python3.11/site-packages/selenium/webdriver/remote/errorhandler.py\", line 229, in check_response\n    raise exception_class(message, screen, stacktrace)\n"}, "steps": [{"name": "Клик по Личному кабинету", "status": "broken", "statusDetails": {"message": "selenium.common.exceptions.ElementClickInterceptedException: Message: Element <a class=\"AppHeader_header__link__3D_hX\" href=\"/account\"> is not clickable at point (1096,44) because another element <div class=\"Modal_modal_overlay__x2ZCr\"> obscures it\nStacktrace:\nRemoteError@chrome://remote/content/shared/RemoteError.sys.mjs:8:8\nWebDriverError@chrome://remote/content/shared/webdriver/Errors.sys.mjs:193:5\nElementClickInterceptedError@chrome://remote/content/shared/webdriver/Errors.sys.mjs:337:5\nwebdriverClickElement@chrome://remote/content/marionette/interaction.sys.mjs:177:11\ninteraction.clickElement@chrome://remote/content/marionette/interaction.sys.mjs:136:11\nclickElement@chrome://remote/content/marionette/actors/MarionetteCommandsChild.sys.mjs:205:29\nreceiveMessage@chrome://remote/content/marionette/actors/MarionetteCommandsChild.sys.mjs:85:31\n\n", "trace": "  File \"/Library/Frameworks/Python.framework/Versions/3.11/lib/python3.11/site-packages/allure_commons/_allure.py\", line 192, in impl\n    return func(*a, **kw)\n           ^^^^^^^^^^^^^^\n  File \"/Users/m.pecherskiy/Diplom_3/pages/person_page.py\", line 14, in click_personal_page\n    self.find_element(Login.ACCOUNT_PAGE_BUTTON).click()\n  File \"/Library/Frameworks/Python.framework/Versions/3.11/lib/python3.11/site-packages/selenium/webdriver/remote/webelement.py\", line 94, in click\n    self._execute(Command.CLICK_ELEMENT)\n  File \"/Library/Frameworks/Python.framework/Versions/3.11/lib/python3.11/site-packages/selenium/webdriver/remote/webelement.py\", line 395, in _execute\n    return self._parent.execute(command, params)\n           ^^^^^^^^^^^^^^^^^^^^^^^^^^^^^^^^^^^^^\n  File \"/Library/Frameworks/Python.framework/Versions/3.11/lib/python3.11/site-packages/selenium/webdriver/remote/webdriver.py\", line 347, in execute\n    self.error_handler.check_response(response)\n  File \"/Library/Frameworks/Python.framework/Versions/3.11/lib/python3.11/site-packages/selenium/webdriver/remote/errorhandler.py\", line 229, in check_response\n    raise exception_class(message, screen, stacktrace)\n"}, "steps": [{"name": "поиск элемента", "status": "passed", "parameters": [{"name": "locator", "value": "('xpath', \"//a[@href='/account']\")"}, {"name": "time", "value": "30"}], "start": 1724085463780, "stop": 1724085463793}], "start": 1724085463780, "stop": 1724085463797}], "start": 1724085463780, "stop": 1724085463799}], "parameters": [{"name": "driver", "value": "'firefox'"}], "start": 1724085463232, "stop": 1724085463800, "uuid": "f9148062-8863-4f2a-921f-e279f7758dd9", "historyId": "87e15114d3b285c6e1afac791a54e848", "testCaseId": "acf052d628b0ef691dbb8abe13d35d6d", "fullName": "tests.test_account.TestPersonalPage#test_user_login", "labels": [{"name": "parentSuite", "value": "tests"}, {"name": "suite", "value": "test_account"}, {"name": "subSuite", "value": "TestPersonalPage"}, {"name": "host", "value": "MacBook-Pro-w-adm-8.local"}, {"name": "thread", "value": "82102-MainThread"}, {"name": "framework", "value": "pytest"}, {"name": "language", "value": "cpython3"}, {"name": "package", "value": "tests.test_account"}]}