{"name": "Проверка всплывающего окна с деталями ингредиента", "status": "broken", "statusDetails": {"message": "selenium.common.exceptions.NoSuchWindowException: Message: Browsing context has been discarded\nStacktrace:\nRemoteError@chrome://remote/content/shared/RemoteError.sys.mjs:8:8\nWebDriverError@chrome://remote/content/shared/webdriver/Errors.sys.mjs:193:5\nNoSuchWindowError@chrome://remote/content/shared/webdriver/Errors.sys.mjs:679:5\nassert.that/<@chrome://remote/content/shared/webdriver/Assert.sys.mjs:515:13\nassert.open@chrome://remote/content/shared/webdriver/Assert.sys.mjs:147:4\nGeckoDriver.prototype.findElement@chrome://remote/content/marionette/driver.sys.mjs:1515:15\ndespatch@chrome://remote/content/marionette/server.sys.mjs:318:40\nexecute@chrome://remote/content/marionette/server.sys.mjs:289:16\nonPacket/<@chrome://remote/content/marionette/server.sys.mjs:262:20\nonPacket@chrome://remote/content/marionette/server.sys.mjs:263:9\n_onJSONObjectReady/<@chrome://remote/content/marionette/transport.sys.mjs:494:20", "trace": "self = <tests.test_main_functions.TestMainPage object at 0x10342cfd0>, driver = <selenium.webdriver.firefox.webdriver.WebDriver (session=\"3edd27de-2fa6-4874-949b-40db7c95d520\")>\n\n    @allure.title('Проверка всплывающего окна с деталями ингредиента')\n    @allure.description(\n        'Переход к Ленте заказов, клик по первому заказу, проверка наличия блока \"Состав\". Затем клик по ингредиенту и закрытие всплывающего окна. Проверяем, что всплывающее окно закрылось.')\n    def test_check_popup_order_details(self, driver):\n        page = MainPage(driver)\n    \n        with allure.step('Открытие детальной информации о заказе'):\n            element = page.ingredient_detail()\n            assert element.text == utils.INGREDIENT_DETAILS, \"Блок с деталями ингредиента не найден.\"\n    \n        with allure.step('Закрытие всплывающего окна с деталями ингредиента'):\n            page.close_ingredient_detail()\n>           assert 'opened' not in page.ingredient_info_closed(), \"Всплывающее окно не закрылось.\"\n\ntests/test_main_functions.py:33: \n_ _ _ _ _ _ _ _ _ _ _ _ _ _ _ _ _ _ _ _ _ _ _ _ _ _ _ _ _ _ _ _ _ _ _ _ _ _ _ _ _ _ _ _ _ _ _ _ _ _ _ _ _ _ _ _ _ _ _ _ _ _ _ _ _ _ _ _ _ _ _ _ _ _ _ _ _ _ _ _ _ _ _ _ _ _ _ _ _ _ _\npages/main.py:41: in ingredient_info_closed\n    return self.get_attribute(Main.INGREDIENT_DETAILS_WINDOW, 'class')\npages/page.py:35: in get_attribute\n    return self.find_element(locator).get_attribute(value)\npages/page.py:13: in find_element\n    return WebDriverWait(self.driver, time).until(EC.visibility_of_element_located(locator))\n/Library/Frameworks/Python.framework/Versions/3.11/lib/python3.11/site-packages/selenium/webdriver/support/wait.py:96: in until\n    value = method(self._driver)\n/Library/Frameworks/Python.framework/Versions/3.11/lib/python3.11/site-packages/selenium/webdriver/support/expected_conditions.py:156: in _predicate\n    return _element_if_visible(driver.find_element(*locator))\n/Library/Frameworks/Python.framework/Versions/3.11/lib/python3.11/site-packages/selenium/webdriver/remote/webdriver.py:741: in find_element\n    return self.execute(Command.FIND_ELEMENT, {\"using\": by, \"value\": value})[\"value\"]\n/Library/Frameworks/Python.framework/Versions/3.11/lib/python3.11/site-packages/selenium/webdriver/remote/webdriver.py:347: in execute\n    self.error_handler.check_response(response)\n_ _ _ _ _ _ _ _ _ _ _ _ _ _ _ _ _ _ _ _ _ _ _ _ _ _ _ _ _ _ _ _ _ _ _ _ _ _ _ _ _ _ _ _ _ _ _ _ _ _ _ _ _ _ _ _ _ _ _ _ _ _ _ _ _ _ _ _ _ _ _ _ _ _ _ _ _ _ _ _ _ _ _ _ _ _ _ _ _ _ _\n\nself = <selenium.webdriver.remote.errorhandler.ErrorHandler object at 0x1036f8590>\nresponse = {'status': 404, 'value': '{\"value\":{\"error\":\"no such window\",\"message\":\"Browsing context has been discarded\",\"stacktra...ionette/server.sys.mjs:263:9\\\\n_onJSONObjectReady/<@chrome://remote/content/marionette/transport.sys.mjs:494:20\\\\n\"}}'}\n\n    def check_response(self, response: Dict[str, Any]) -> None:\n        \"\"\"Checks that a JSON response from the WebDriver does not have an\n        error.\n    \n        :Args:\n         - response - The JSON response from the WebDriver server as a dictionary\n           object.\n    \n        :Raises: If the response contains an error message.\n        \"\"\"\n        status = response.get(\"status\", None)\n        if not status or status == ErrorCode.SUCCESS:\n            return\n        value = None\n        message = response.get(\"message\", \"\")\n        screen: str = response.get(\"screen\", \"\")\n        stacktrace = None\n        if isinstance(status, int):\n            value_json = response.get(\"value\", None)\n            if value_json and isinstance(value_json, str):\n                import json\n    \n                try:\n                    value = json.loads(value_json)\n                    if len(value) == 1:\n                        value = value[\"value\"]\n                    status = value.get(\"error\", None)\n                    if not status:\n                        status = value.get(\"status\", ErrorCode.UNKNOWN_ERROR)\n                        message = value.get(\"value\") or value.get(\"message\")\n                        if not isinstance(message, str):\n                            value = message\n                            message = message.get(\"message\")\n                    else:\n                        message = value.get(\"message\", None)\n                except ValueError:\n                    pass\n    \n        exception_class: Type[WebDriverException]\n        e = ErrorCode()\n        error_codes = [item for item in dir(e) if not item.startswith(\"__\")]\n        for error_code in error_codes:\n            error_info = getattr(ErrorCode, error_code)\n            if isinstance(error_info, list) and status in error_info:\n                exception_class = getattr(ExceptionMapping, error_code, WebDriverException)\n                break\n        else:\n            exception_class = WebDriverException\n    \n        if not value:\n            value = response[\"value\"]\n        if isinstance(value, str):\n            raise exception_class(value)\n        if message == \"\" and \"message\" in value:\n            message = value[\"message\"]\n    \n        screen = None  # type: ignore[assignment]\n        if \"screen\" in value:\n            screen = value[\"screen\"]\n    \n        stacktrace = None\n        st_value = value.get(\"stackTrace\") or value.get(\"stacktrace\")\n        if st_value:\n            if isinstance(st_value, str):\n                stacktrace = st_value.split(\"\\n\")\n            else:\n                stacktrace = []\n                try:\n                    for frame in st_value:\n                        line = frame.get(\"lineNumber\", \"\")\n                        file = frame.get(\"fileName\", \"<anonymous>\")\n                        if line:\n                            file = f\"{file}:{line}\"\n                        meth = frame.get(\"methodName\", \"<anonymous>\")\n                        if \"className\" in frame:\n                            meth = f\"{frame['className']}.{meth}\"\n                        msg = \"    at %s (%s)\"\n                        msg = msg % (meth, file)\n                        stacktrace.append(msg)\n                except TypeError:\n                    pass\n        if exception_class == UnexpectedAlertPresentException:\n            alert_text = None\n            if \"data\" in value:\n                alert_text = value[\"data\"].get(\"text\")\n            elif \"alert\" in value:\n                alert_text = value[\"alert\"].get(\"text\")\n            raise exception_class(message, screen, stacktrace, alert_text)  # type: ignore[call-arg]  # mypy is not smart enough here\n>       raise exception_class(message, screen, stacktrace)\nE       selenium.common.exceptions.NoSuchWindowException: Message: Browsing context has been discarded\nE       Stacktrace:\nE       RemoteError@chrome://remote/content/shared/RemoteError.sys.mjs:8:8\nE       WebDriverError@chrome://remote/content/shared/webdriver/Errors.sys.mjs:193:5\nE       NoSuchWindowError@chrome://remote/content/shared/webdriver/Errors.sys.mjs:679:5\nE       assert.that/<@chrome://remote/content/shared/webdriver/Assert.sys.mjs:515:13\nE       assert.open@chrome://remote/content/shared/webdriver/Assert.sys.mjs:147:4\nE       GeckoDriver.prototype.findElement@chrome://remote/content/marionette/driver.sys.mjs:1515:15\nE       despatch@chrome://remote/content/marionette/server.sys.mjs:318:40\nE       execute@chrome://remote/content/marionette/server.sys.mjs:289:16\nE       onPacket/<@chrome://remote/content/marionette/server.sys.mjs:262:20\nE       onPacket@chrome://remote/content/marionette/server.sys.mjs:263:9\nE       _onJSONObjectReady/<@chrome://remote/content/marionette/transport.sys.mjs:494:20\n\n/Library/Frameworks/Python.framework/Versions/3.11/lib/python3.11/site-packages/selenium/webdriver/remote/errorhandler.py:229: NoSuchWindowException"}, "description": "Переход к Ленте заказов, клик по первому заказу, проверка наличия блока \"Состав\". Затем клик по ингредиенту и закрытие всплывающего окна. Проверяем, что всплывающее окно закрылось.", "steps": [{"name": "Открытие детальной информации о заказе", "status": "passed", "steps": [{"name": "открытие Деталей заказа", "status": "passed", "steps": [{"name": "поиск элемента", "status": "passed", "parameters": [{"name": "locator", "value": "('xpath', \"(//a[contains(@class,'BurgerIngredient')]/img[contains(@class,'ingredient__image')])[1]\")"}, {"name": "time", "value": "30"}], "start": 1724085486576, "stop": 1724085486587}, {"name": "поиск элемента", "status": "passed", "parameters": [{"name": "locator", "value": "('xpath', \"(//div[contains(@class ,'Modal_modal')]/h2[contains(@class,'Modal_modal')])[1]\")"}, {"name": "time", "value": "30"}], "start": 1724085486810, "stop": 1724085486818}], "start": 1724085486576, "stop": 1724085486818}], "start": 1724085486576, "stop": 1724085486823}, {"name": "Закрытие всплывающего окна с деталями ингредиента", "status": "broken", "statusDetails": {"message": "selenium.common.exceptions.NoSuchWindowException: Message: Browsing context has been discarded\nStacktrace:\nRemoteError@chrome://remote/content/shared/RemoteError.sys.mjs:8:8\nWebDriverError@chrome://remote/content/shared/webdriver/Errors.sys.mjs:193:5\nNoSuchWindowError@chrome://remote/content/shared/webdriver/Errors.sys.mjs:679:5\nassert.that/<@chrome://remote/content/shared/webdriver/Assert.sys.mjs:515:13\nassert.open@chrome://remote/content/shared/webdriver/Assert.sys.mjs:147:4\nGeckoDriver.prototype.findElement@chrome://remote/content/marionette/driver.sys.mjs:1515:15\ndespatch@chrome://remote/content/marionette/server.sys.mjs:318:40\nexecute@chrome://remote/content/marionette/server.sys.mjs:289:16\nonPacket/<@chrome://remote/content/marionette/server.sys.mjs:262:20\nonPacket@chrome://remote/content/marionette/server.sys.mjs:263:9\n_onJSONObjectReady/<@chrome://remote/content/marionette/transport.sys.mjs:494:20\n\n", "trace": "  File \"/Users/m.pecherskiy/Diplom_3/tests/test_main_functions.py\", line 33, in test_check_popup_order_details\n    assert 'opened' not in page.ingredient_info_closed(), \"Всплывающее окно не закрылось.\"\n  File \"/Library/Frameworks/Python.framework/Versions/3.11/lib/python3.11/site-packages/allure_commons/_allure.py\", line 192, in impl\n    return func(*a, **kw)\n           ^^^^^^^^^^^^^^\n  File \"/Users/m.pecherskiy/Diplom_3/pages/main.py\", line 41, in ingredient_info_closed\n    return self.get_attribute(Main.INGREDIENT_DETAILS_WINDOW, 'class')\n           ^^^^^^^^^^^^^^^^^^^^^^^^^^^^^^^^^^^^^^^^^^^^^^^^^^^^^^^^^^^\n  File \"/Library/Frameworks/Python.framework/Versions/3.11/lib/python3.11/site-packages/allure_commons/_allure.py\", line 192, in impl\n    return func(*a, **kw)\n           ^^^^^^^^^^^^^^\n  File \"/Users/m.pecherskiy/Diplom_3/pages/page.py\", line 35, in get_attribute\n    return self.find_element(locator).get_attribute(value)\n           ^^^^^^^^^^^^^^^^^^^^^^^^^^\n  File \"/Library/Frameworks/Python.framework/Versions/3.11/lib/python3.11/site-packages/allure_commons/_allure.py\", line 192, in impl\n    return func(*a, **kw)\n           ^^^^^^^^^^^^^^\n  File \"/Users/m.pecherskiy/Diplom_3/pages/page.py\", line 13, in find_element\n    return WebDriverWait(self.driver, time).until(EC.visibility_of_element_located(locator))\n           ^^^^^^^^^^^^^^^^^^^^^^^^^^^^^^^^^^^^^^^^^^^^^^^^^^^^^^^^^^^^^^^^^^^^^^^^^^^^^^^^^\n  File \"/Library/Frameworks/Python.framework/Versions/3.11/lib/python3.11/site-packages/selenium/webdriver/support/wait.py\", line 96, in until\n    value = method(self._driver)\n            ^^^^^^^^^^^^^^^^^^^^\n  File \"/Library/Frameworks/Python.framework/Versions/3.11/lib/python3.11/site-packages/selenium/webdriver/support/expected_conditions.py\", line 156, in _predicate\n    return _element_if_visible(driver.find_element(*locator))\n                               ^^^^^^^^^^^^^^^^^^^^^^^^^^^^^\n  File \"/Library/Frameworks/Python.framework/Versions/3.11/lib/python3.11/site-packages/selenium/webdriver/remote/webdriver.py\", line 741, in find_element\n    return self.execute(Command.FIND_ELEMENT, {\"using\": by, \"value\": value})[\"value\"]\n           ^^^^^^^^^^^^^^^^^^^^^^^^^^^^^^^^^^^^^^^^^^^^^^^^^^^^^^^^^^^^^^^^^\n  File \"/Library/Frameworks/Python.framework/Versions/3.11/lib/python3.11/site-packages/selenium/webdriver/remote/webdriver.py\", line 347, in execute\n    self.error_handler.check_response(response)\n  File \"/Library/Frameworks/Python.framework/Versions/3.11/lib/python3.11/site-packages/selenium/webdriver/remote/errorhandler.py\", line 229, in check_response\n    raise exception_class(message, screen, stacktrace)\n"}, "steps": [{"name": "закрытие окна Деталей заказа", "status": "passed", "steps": [{"name": "поиск элемента", "status": "passed", "parameters": [{"name": "locator", "value": "('xpath', \"//section[contains(@class, 'Modal_modal_opened')]//button[contains(@class, 'close')]\")"}, {"name": "time", "value": "30"}], "start": 1724085486823, "stop": 1724085486831}], "start": 1724085486823, "stop": 1724085487049}, {"name": "получение атрибута для проверки закрытия окна с инфо об ингредиенте", "status": "broken", "statusDetails": {"message": "selenium.common.exceptions.NoSuchWindowException: Message: Browsing context has been discarded\nStacktrace:\nRemoteError@chrome://remote/content/shared/RemoteError.sys.mjs:8:8\nWebDriverError@chrome://remote/content/shared/webdriver/Errors.sys.mjs:193:5\nNoSuchWindowError@chrome://remote/content/shared/webdriver/Errors.sys.mjs:679:5\nassert.that/<@chrome://remote/content/shared/webdriver/Assert.sys.mjs:515:13\nassert.open@chrome://remote/content/shared/webdriver/Assert.sys.mjs:147:4\nGeckoDriver.prototype.findElement@chrome://remote/content/marionette/driver.sys.mjs:1515:15\ndespatch@chrome://remote/content/marionette/server.sys.mjs:318:40\nexecute@chrome://remote/content/marionette/server.sys.mjs:289:16\nonPacket/<@chrome://remote/content/marionette/server.sys.mjs:262:20\nonPacket@chrome://remote/content/marionette/server.sys.mjs:263:9\n_onJSONObjectReady/<@chrome://remote/content/marionette/transport.sys.mjs:494:20\n\n", "trace": "  File \"/Library/Frameworks/Python.framework/Versions/3.11/lib/python3.11/site-packages/allure_commons/_allure.py\", line 192, in impl\n    return func(*a, **kw)\n           ^^^^^^^^^^^^^^\n  File \"/Users/m.pecherskiy/Diplom_3/pages/main.py\", line 41, in ingredient_info_closed\n    return self.get_attribute(Main.INGREDIENT_DETAILS_WINDOW, 'class')\n           ^^^^^^^^^^^^^^^^^^^^^^^^^^^^^^^^^^^^^^^^^^^^^^^^^^^^^^^^^^^\n  File \"/Library/Frameworks/Python.framework/Versions/3.11/lib/python3.11/site-packages/allure_commons/_allure.py\", line 192, in impl\n    return func(*a, **kw)\n           ^^^^^^^^^^^^^^\n  File \"/Users/m.pecherskiy/Diplom_3/pages/page.py\", line 35, in get_attribute\n    return self.find_element(locator).get_attribute(value)\n           ^^^^^^^^^^^^^^^^^^^^^^^^^^\n  File \"/Library/Frameworks/Python.framework/Versions/3.11/lib/python3.11/site-packages/allure_commons/_allure.py\", line 192, in impl\n    return func(*a, **kw)\n           ^^^^^^^^^^^^^^\n  File \"/Users/m.pecherskiy/Diplom_3/pages/page.py\", line 13, in find_element\n    return WebDriverWait(self.driver, time).until(EC.visibility_of_element_located(locator))\n           ^^^^^^^^^^^^^^^^^^^^^^^^^^^^^^^^^^^^^^^^^^^^^^^^^^^^^^^^^^^^^^^^^^^^^^^^^^^^^^^^^\n  File \"/Library/Frameworks/Python.framework/Versions/3.11/lib/python3.11/site-packages/selenium/webdriver/support/wait.py\", line 96, in until\n    value = method(self._driver)\n            ^^^^^^^^^^^^^^^^^^^^\n  File \"/Library/Frameworks/Python.framework/Versions/3.11/lib/python3.11/site-packages/selenium/webdriver/support/expected_conditions.py\", line 156, in _predicate\n    return _element_if_visible(driver.find_element(*locator))\n                               ^^^^^^^^^^^^^^^^^^^^^^^^^^^^^\n  File \"/Library/Frameworks/Python.framework/Versions/3.11/lib/python3.11/site-packages/selenium/webdriver/remote/webdriver.py\", line 741, in find_element\n    return self.execute(Command.FIND_ELEMENT, {\"using\": by, \"value\": value})[\"value\"]\n           ^^^^^^^^^^^^^^^^^^^^^^^^^^^^^^^^^^^^^^^^^^^^^^^^^^^^^^^^^^^^^^^^^\n  File \"/Library/Frameworks/Python.framework/Versions/3.11/lib/python3.11/site-packages/selenium/webdriver/remote/webdriver.py\", line 347, in execute\n    self.error_handler.check_response(response)\n  File \"/Library/Frameworks/Python.framework/Versions/3.11/lib/python3.11/site-packages/selenium/webdriver/remote/errorhandler.py\", line 229, in check_response\n    raise exception_class(message, screen, stacktrace)\n"}, "steps": [{"name": "получить значение атрибута элемента", "status": "broken", "statusDetails": {"message": "selenium.common.exceptions.NoSuchWindowException: Message: Browsing context has been discarded\nStacktrace:\nRemoteError@chrome://remote/content/shared/RemoteError.sys.mjs:8:8\nWebDriverError@chrome://remote/content/shared/webdriver/Errors.sys.mjs:193:5\nNoSuchWindowError@chrome://remote/content/shared/webdriver/Errors.sys.mjs:679:5\nassert.that/<@chrome://remote/content/shared/webdriver/Assert.sys.mjs:515:13\nassert.open@chrome://remote/content/shared/webdriver/Assert.sys.mjs:147:4\nGeckoDriver.prototype.findElement@chrome://remote/content/marionette/driver.sys.mjs:1515:15\ndespatch@chrome://remote/content/marionette/server.sys.mjs:318:40\nexecute@chrome://remote/content/marionette/server.sys.mjs:289:16\nonPacket/<@chrome://remote/content/marionette/server.sys.mjs:262:20\nonPacket@chrome://remote/content/marionette/server.sys.mjs:263:9\n_onJSONObjectReady/<@chrome://remote/content/marionette/transport.sys.mjs:494:20\n\n", "trace": "  File \"/Library/Frameworks/Python.framework/Versions/3.11/lib/python3.11/site-packages/allure_commons/_allure.py\", line 192, in impl\n    return func(*a, **kw)\n           ^^^^^^^^^^^^^^\n  File \"/Users/m.pecherskiy/Diplom_3/pages/page.py\", line 35, in get_attribute\n    return self.find_element(locator).get_attribute(value)\n           ^^^^^^^^^^^^^^^^^^^^^^^^^^\n  File \"/Library/Frameworks/Python.framework/Versions/3.11/lib/python3.11/site-packages/allure_commons/_allure.py\", line 192, in impl\n    return func(*a, **kw)\n           ^^^^^^^^^^^^^^\n  File \"/Users/m.pecherskiy/Diplom_3/pages/page.py\", line 13, in find_element\n    return WebDriverWait(self.driver, time).until(EC.visibility_of_element_located(locator))\n           ^^^^^^^^^^^^^^^^^^^^^^^^^^^^^^^^^^^^^^^^^^^^^^^^^^^^^^^^^^^^^^^^^^^^^^^^^^^^^^^^^\n  File \"/Library/Frameworks/Python.framework/Versions/3.11/lib/python3.11/site-packages/selenium/webdriver/support/wait.py\", line 96, in until\n    value = method(self._driver)\n            ^^^^^^^^^^^^^^^^^^^^\n  File \"/Library/Frameworks/Python.framework/Versions/3.11/lib/python3.11/site-packages/selenium/webdriver/support/expected_conditions.py\", line 156, in _predicate\n    return _element_if_visible(driver.find_element(*locator))\n                               ^^^^^^^^^^^^^^^^^^^^^^^^^^^^^\n  File \"/Library/Frameworks/Python.framework/Versions/3.11/lib/python3.11/site-packages/selenium/webdriver/remote/webdriver.py\", line 741, in find_element\n    return self.execute(Command.FIND_ELEMENT, {\"using\": by, \"value\": value})[\"value\"]\n           ^^^^^^^^^^^^^^^^^^^^^^^^^^^^^^^^^^^^^^^^^^^^^^^^^^^^^^^^^^^^^^^^^\n  File \"/Library/Frameworks/Python.framework/Versions/3.11/lib/python3.11/site-packages/selenium/webdriver/remote/webdriver.py\", line 347, in execute\n    self.error_handler.check_response(response)\n  File \"/Library/Frameworks/Python.framework/Versions/3.11/lib/python3.11/site-packages/selenium/webdriver/remote/errorhandler.py\", line 229, in check_response\n    raise exception_class(message, screen, stacktrace)\n"}, "steps": [{"name": "поиск элемента", "status": "broken", "statusDetails": {"message": "selenium.common.exceptions.NoSuchWindowException: Message: Browsing context has been discarded\nStacktrace:\nRemoteError@chrome://remote/content/shared/RemoteError.sys.mjs:8:8\nWebDriverError@chrome://remote/content/shared/webdriver/Errors.sys.mjs:193:5\nNoSuchWindowError@chrome://remote/content/shared/webdriver/Errors.sys.mjs:679:5\nassert.that/<@chrome://remote/content/shared/webdriver/Assert.sys.mjs:515:13\nassert.open@chrome://remote/content/shared/webdriver/Assert.sys.mjs:147:4\nGeckoDriver.prototype.findElement@chrome://remote/content/marionette/driver.sys.mjs:1515:15\ndespatch@chrome://remote/content/marionette/server.sys.mjs:318:40\nexecute@chrome://remote/content/marionette/server.sys.mjs:289:16\nonPacket/<@chrome://remote/content/marionette/server.sys.mjs:262:20\nonPacket@chrome://remote/content/marionette/server.sys.mjs:263:9\n_onJSONObjectReady/<@chrome://remote/content/marionette/transport.sys.mjs:494:20\n\n", "trace": "  File \"/Library/Frameworks/Python.framework/Versions/3.11/lib/python3.11/site-packages/allure_commons/_allure.py\", line 192, in impl\n    return func(*a, **kw)\n           ^^^^^^^^^^^^^^\n  File \"/Users/m.pecherskiy/Diplom_3/pages/page.py\", line 13, in find_element\n    return WebDriverWait(self.driver, time).until(EC.visibility_of_element_located(locator))\n           ^^^^^^^^^^^^^^^^^^^^^^^^^^^^^^^^^^^^^^^^^^^^^^^^^^^^^^^^^^^^^^^^^^^^^^^^^^^^^^^^^\n  File \"/Library/Frameworks/Python.framework/Versions/3.11/lib/python3.11/site-packages/selenium/webdriver/support/wait.py\", line 96, in until\n    value = method(self._driver)\n            ^^^^^^^^^^^^^^^^^^^^\n  File \"/Library/Frameworks/Python.framework/Versions/3.11/lib/python3.11/site-packages/selenium/webdriver/support/expected_conditions.py\", line 156, in _predicate\n    return _element_if_visible(driver.find_element(*locator))\n                               ^^^^^^^^^^^^^^^^^^^^^^^^^^^^^\n  File \"/Library/Frameworks/Python.framework/Versions/3.11/lib/python3.11/site-packages/selenium/webdriver/remote/webdriver.py\", line 741, in find_element\n    return self.execute(Command.FIND_ELEMENT, {\"using\": by, \"value\": value})[\"value\"]\n           ^^^^^^^^^^^^^^^^^^^^^^^^^^^^^^^^^^^^^^^^^^^^^^^^^^^^^^^^^^^^^^^^^\n  File \"/Library/Frameworks/Python.framework/Versions/3.11/lib/python3.11/site-packages/selenium/webdriver/remote/webdriver.py\", line 347, in execute\n    self.error_handler.check_response(response)\n  File \"/Library/Frameworks/Python.framework/Versions/3.11/lib/python3.11/site-packages/selenium/webdriver/remote/errorhandler.py\", line 229, in check_response\n    raise exception_class(message, screen, stacktrace)\n"}, "parameters": [{"name": "locator", "value": "('xpath', \"(//section[contains(@class,'Modal_modal')])[1]\")"}, {"name": "time", "value": "30"}], "start": 1724085487050, "stop": 1724085510232}], "parameters": [{"name": "locator", "value": "('xpath', \"(//section[contains(@class,'Modal_modal')])[1]\")"}, {"name": "value", "value": "'class'"}], "start": 1724085487050, "stop": 1724085510236}], "start": 1724085487050, "stop": 1724085510237}], "start": 1724085486823, "stop": 1724085510238}], "parameters": [{"name": "driver", "value": "'firefox'"}], "start": 1724085486576, "stop": 1724085510239, "uuid": "d354b550-4dd2-4954-a6ad-d72c0a755f89", "historyId": "d51528fe6f0fa922cf5d71a8703b898a", "testCaseId": "8438f71d3e66f86adfd947b8341ac7a4", "fullName": "tests.test_main_functions.TestMainPage#test_check_popup_order_details", "labels": [{"name": "parentSuite", "value": "tests"}, {"name": "suite", "value": "test_main_functions"}, {"name": "subSuite", "value": "TestMainPage"}, {"name": "host", "value": "MacBook-Pro-w-adm-8.local"}, {"name": "thread", "value": "82102-MainThread"}, {"name": "framework", "value": "pytest"}, {"name": "language", "value": "cpython3"}, {"name": "package", "value": "tests.test_main_functions"}]}