{"name": "Появление нового заказа в списке \"В работе\"", "status": "broken", "statusDetails": {"message": "selenium.common.exceptions.NoSuchElementException: Message: no such element: Unable to locate element: {\"method\":\"xpath\",\"selector\":\"(//ul[contains(@class,'orderList')]/li[contains(@class,'default')])[1]\"}\n  (Session info: chrome=127.0.6533.120); For documentation on this error, please visit: https://www.selenium.dev/documentation/webdriver/troubleshooting/errors#no-such-element-exception\nStacktrace:\n0   chromedriver                        0x00000001032d5024 cxxbridge1$str$ptr + 1887276\n1   chromedriver                        0x00000001032cd700 cxxbridge1$str$ptr + 1856264\n2   chromedriver                        0x0000000102edc82c cxxbridge1$string$len + 88524\n3   chromedriver                        0x0000000102f20834 cxxbridge1$string$len + 367060\n4   chromedriver                        0x0000000102f5848c cxxbridge1$string$len + 595500\n5   chromedriver                        0x0000000102f15474 cxxbridge1$string$len + 321044\n6   chromedriver                        0x0000000102f160e4 cxxbridge1$string$len + 324228\n7   chromedriver                        0x000000010329ca08 cxxbridge1$str$ptr + 1656336\n8   chromedriver                        0x00000001032a1464 cxxbridge1$str$ptr + 1675372\n9   chromedriver                        0x00000001032828ec cxxbridge1$str$ptr + 1549556\n10  chromedriver                        0x00000001032a1c14 cxxbridge1$str$ptr + 1677340\n11  chromedriver                        0x00000001032745fc cxxbridge1$str$ptr + 1491460\n12  chromedriver                        0x00000001032bea5c cxxbridge1$str$ptr + 1795684\n13  chromedriver                        0x00000001032bebd8 cxxbridge1$str$ptr + 1796064\n14  chromedriver                        0x00000001032cd334 cxxbridge1$str$ptr + 1855292\n15  libsystem_pthread.dylib             0x00000001832d9034 _pthread_start + 136\n16  libsystem_pthread.dylib             0x00000001832d3e3c thread_start + 8", "trace": "self = <tests.test_orders.TestOrder object at 0x10342e090>, driver = <selenium.webdriver.chrome.webdriver.WebDriver (session=\"ef7588387740d2c02a7db283370f06a4\")>\ncreate_ui_user = {'accessToken': 'Bearer eyJhbGciOiJIUzI1NiIsInR5cCI6IkpXVCJ9.eyJpZCI6IjY2YzM3NTg0OWVkMjgwMDAxYjQ5YWIwMSIsImlhdCI6MTcyN...Vf8Tnw5ge5YlMZtsZHCfb8VcLVePE', 'email': 'shuffman@example.org', 'name': 'Mark Mcgee', 'password': '%SLFtB8@0kOP', ...}\n\n    @allure.title('Появление нового заказа в списке \"В работе\"')\n    @allure.description('Авторизация, создание нового заказа, проверка его появления в разделе \"В работе\".')\n    def test_new_order_in_progress(self, driver, create_ui_user):\n        order_feed = OrderPage(driver)\n        order_feed.click_personal_page()\n        order_feed.login_user(create_ui_user['email'], create_ui_user['password'])\n        order_number = order_feed.add_ingredient_and_place_order()\n>       assert order_number in order_feed.get_orders_in_progress()\n\ntests/test_orders.py:59: \n_ _ _ _ _ _ _ _ _ _ _ _ _ _ _ _ _ _ _ _ _ _ _ _ _ _ _ _ _ _ _ _ _ _ _ _ _ _ _ _ _ _ _ _ _ _ _ _ _ _ _ _ _ _ _ _ _ _ _ _ _ _ _ _ _ _ _ _ _ _ _ _ _ _ _ _ _ _ _ _ _ _ _ _ _ _ _ _ _ _ _\npages/page_order.py:45: in get_orders_in_progress\n    self.click_on_element(Order.ACTIVE_ORDER_ITEM)\npages/page.py:19: in click_on_element\n    self.driver.find_element(*locator).click()\n/Library/Frameworks/Python.framework/Versions/3.11/lib/python3.11/site-packages/selenium/webdriver/remote/webdriver.py:741: in find_element\n    return self.execute(Command.FIND_ELEMENT, {\"using\": by, \"value\": value})[\"value\"]\n/Library/Frameworks/Python.framework/Versions/3.11/lib/python3.11/site-packages/selenium/webdriver/remote/webdriver.py:347: in execute\n    self.error_handler.check_response(response)\n_ _ _ _ _ _ _ _ _ _ _ _ _ _ _ _ _ _ _ _ _ _ _ _ _ _ _ _ _ _ _ _ _ _ _ _ _ _ _ _ _ _ _ _ _ _ _ _ _ _ _ _ _ _ _ _ _ _ _ _ _ _ _ _ _ _ _ _ _ _ _ _ _ _ _ _ _ _ _ _ _ _ _ _ _ _ _ _ _ _ _\n\nself = <selenium.webdriver.remote.errorhandler.ErrorHandler object at 0x10492a790>\nresponse = {'status': 404, 'value': '{\"value\":{\"error\":\"no such element\",\"message\":\"no such element: Unable to locate element: {\\...0001832d9034 _pthread_start + 136\\\\n16  libsystem_pthread.dylib             0x00000001832d3e3c thread_start + 8\\\\n\"}}'}\n\n    def check_response(self, response: Dict[str, Any]) -> None:\n        \"\"\"Checks that a JSON response from the WebDriver does not have an\n        error.\n    \n        :Args:\n         - response - The JSON response from the WebDriver server as a dictionary\n           object.\n    \n        :Raises: If the response contains an error message.\n        \"\"\"\n        status = response.get(\"status\", None)\n        if not status or status == ErrorCode.SUCCESS:\n            return\n        value = None\n        message = response.get(\"message\", \"\")\n        screen: str = response.get(\"screen\", \"\")\n        stacktrace = None\n        if isinstance(status, int):\n            value_json = response.get(\"value\", None)\n            if value_json and isinstance(value_json, str):\n                import json\n    \n                try:\n                    value = json.loads(value_json)\n                    if len(value) == 1:\n                        value = value[\"value\"]\n                    status = value.get(\"error\", None)\n                    if not status:\n                        status = value.get(\"status\", ErrorCode.UNKNOWN_ERROR)\n                        message = value.get(\"value\") or value.get(\"message\")\n                        if not isinstance(message, str):\n                            value = message\n                            message = message.get(\"message\")\n                    else:\n                        message = value.get(\"message\", None)\n                except ValueError:\n                    pass\n    \n        exception_class: Type[WebDriverException]\n        e = ErrorCode()\n        error_codes = [item for item in dir(e) if not item.startswith(\"__\")]\n        for error_code in error_codes:\n            error_info = getattr(ErrorCode, error_code)\n            if isinstance(error_info, list) and status in error_info:\n                exception_class = getattr(ExceptionMapping, error_code, WebDriverException)\n                break\n        else:\n            exception_class = WebDriverException\n    \n        if not value:\n            value = response[\"value\"]\n        if isinstance(value, str):\n            raise exception_class(value)\n        if message == \"\" and \"message\" in value:\n            message = value[\"message\"]\n    \n        screen = None  # type: ignore[assignment]\n        if \"screen\" in value:\n            screen = value[\"screen\"]\n    \n        stacktrace = None\n        st_value = value.get(\"stackTrace\") or value.get(\"stacktrace\")\n        if st_value:\n            if isinstance(st_value, str):\n                stacktrace = st_value.split(\"\\n\")\n            else:\n                stacktrace = []\n                try:\n                    for frame in st_value:\n                        line = frame.get(\"lineNumber\", \"\")\n                        file = frame.get(\"fileName\", \"<anonymous>\")\n                        if line:\n                            file = f\"{file}:{line}\"\n                        meth = frame.get(\"methodName\", \"<anonymous>\")\n                        if \"className\" in frame:\n                            meth = f\"{frame['className']}.{meth}\"\n                        msg = \"    at %s (%s)\"\n                        msg = msg % (meth, file)\n                        stacktrace.append(msg)\n                except TypeError:\n                    pass\n        if exception_class == UnexpectedAlertPresentException:\n            alert_text = None\n            if \"data\" in value:\n                alert_text = value[\"data\"].get(\"text\")\n            elif \"alert\" in value:\n                alert_text = value[\"alert\"].get(\"text\")\n            raise exception_class(message, screen, stacktrace, alert_text)  # type: ignore[call-arg]  # mypy is not smart enough here\n>       raise exception_class(message, screen, stacktrace)\nE       selenium.common.exceptions.NoSuchElementException: Message: no such element: Unable to locate element: {\"method\":\"xpath\",\"selector\":\"(//ul[contains(@class,'orderList')]/li[contains(@class,'default')])[1]\"}\nE         (Session info: chrome=127.0.6533.120); For documentation on this error, please visit: https://www.selenium.dev/documentation/webdriver/troubleshooting/errors#no-such-element-exception\nE       Stacktrace:\nE       0   chromedriver                        0x00000001032d5024 cxxbridge1$str$ptr + 1887276\nE       1   chromedriver                        0x00000001032cd700 cxxbridge1$str$ptr + 1856264\nE       2   chromedriver                        0x0000000102edc82c cxxbridge1$string$len + 88524\nE       3   chromedriver                        0x0000000102f20834 cxxbridge1$string$len + 367060\nE       4   chromedriver                        0x0000000102f5848c cxxbridge1$string$len + 595500\nE       5   chromedriver                        0x0000000102f15474 cxxbridge1$string$len + 321044\nE       6   chromedriver                        0x0000000102f160e4 cxxbridge1$string$len + 324228\nE       7   chromedriver                        0x000000010329ca08 cxxbridge1$str$ptr + 1656336\nE       8   chromedriver                        0x00000001032a1464 cxxbridge1$str$ptr + 1675372\nE       9   chromedriver                        0x00000001032828ec cxxbridge1$str$ptr + 1549556\nE       10  chromedriver                        0x00000001032a1c14 cxxbridge1$str$ptr + 1677340\nE       11  chromedriver                        0x00000001032745fc cxxbridge1$str$ptr + 1491460\nE       12  chromedriver                        0x00000001032bea5c cxxbridge1$str$ptr + 1795684\nE       13  chromedriver                        0x00000001032bebd8 cxxbridge1$str$ptr + 1796064\nE       14  chromedriver                        0x00000001032cd334 cxxbridge1$str$ptr + 1855292\nE       15  libsystem_pthread.dylib             0x00000001832d9034 _pthread_start + 136\nE       16  libsystem_pthread.dylib             0x00000001832d3e3c thread_start + 8\n\n/Library/Frameworks/Python.framework/Versions/3.11/lib/python3.11/site-packages/selenium/webdriver/remote/errorhandler.py:229: NoSuchElementException"}, "description": "Авторизация, создание нового заказа, проверка его появления в разделе \"В работе\".", "steps": [{"name": "клик по Личному кабинету", "status": "passed", "steps": [{"name": "клик по нужному элементу", "status": "passed", "parameters": [{"name": "locator", "value": "('xpath', \"//a[@href='/account']\")"}, {"name": "wait", "value": "None"}], "start": 1724085636274, "stop": 1724085636333}], "start": 1724085636274, "stop": 1724085636333}, {"name": "ввод данных пользователя для входа", "status": "passed", "steps": [{"name": "сделать запись", "status": "passed", "steps": [{"name": "поиск элемента", "status": "passed", "parameters": [{"name": "locator", "value": "('xpath', \"//input[@type='text']\")"}, {"name": "time", "value": "30"}], "start": 1724085636333, "stop": 1724085636345}], "parameters": [{"name": "locator", "value": "('xpath', \"//input[@type='text']\")"}, {"name": "text", "value": "'shuffman@example.org'"}], "start": 1724085636333, "stop": 1724085636460}, {"name": "сделать запись", "status": "passed", "steps": [{"name": "поиск элемента", "status": "passed", "parameters": [{"name": "locator", "value": "('xpath', \"//input[contains(@type, 'password')]\")"}, {"name": "time", "value": "30"}], "start": 1724085636460, "stop": 1724085636471}], "parameters": [{"name": "locator", "value": "('xpath', \"//input[contains(@type, 'password')]\")"}, {"name": "text", "value": "'%SLFtB8@0kOP'"}], "start": 1724085636460, "stop": 1724085636517}, {"name": "клик по нужному элементу", "status": "passed", "parameters": [{"name": "locator", "value": "('xpath', \"//button[contains(@class, 'button')]\")"}, {"name": "wait", "value": "None"}], "start": 1724085636517, "stop": 1724085636545}], "parameters": [{"name": "email", "value": "'shuffman@example.org'"}, {"name": "password", "value": "'%SLFtB8@0kOP'"}], "start": 1724085636333, "stop": 1724085636545}, {"name": "добавление ингредиента в заказ и оформление", "status": "passed", "steps": [{"name": "поиск элемента", "status": "passed", "parameters": [{"name": "locator", "value": "('xpath', \"(//a[contains(@class,'BurgerIngredient')]/img[contains(@class,'ingredient__image')])[1]\")"}, {"name": "time", "value": "30"}], "start": 1724085636545, "stop": 1724085637589}, {"name": "поиск элемента", "status": "passed", "parameters": [{"name": "locator", "value": "('xpath', \"(//section[contains(@class, 'BurgerConstructor_basket')]//li)[1]\")"}, {"name": "time", "value": "30"}], "start": 1724085637590, "stop": 1724085637605}, {"name": "перетащить элемент", "status": "passed", "parameters": [{"name": "drag", "value": "<selenium.webdriver.remote.webelement.WebElement (session=\"ef7588387740d2c02a7db283370f06a4\", element=\"f.A1B4BDF185B350BAF7523F319CDF1736.d.BA59B590B9A3456CA62FBF00F0CBB010.e.58\")>"}, {"name": "drop", "value": "<selenium.webdriver.remote.webelement.WebElement (session=\"ef7588387740d2c02a7db283370f06a4\", element=\"f.A1B4BDF185B350BAF7523F319CDF1736.d.BA59B590B9A3456CA62FBF00F0CBB010.e.84\")>"}], "start": 1724085637605, "stop": 1724085639154}, {"name": "клик по нужному элементу", "status": "passed", "parameters": [{"name": "locator", "value": "('xpath', \"//button[contains(@class, 'button_type_primary')]\")"}, {"name": "wait", "value": "None"}], "start": 1724085639154, "stop": 1724085639192}, {"name": "получение номера оформленного заказа", "status": "passed", "steps": [{"name": "ожидание пока текст элемента не изменится", "status": "passed", "steps": [{"name": "поиск элемента", "status": "passed", "parameters": [{"name": "locator", "value": "('xpath', \"//h2[contains(@class,'title_shadow')]\")"}, {"name": "time", "value": "30"}], "start": 1724085639192, "stop": 1724085639202}], "parameters": [{"name": "locator", "value": "('xpath', \"//h2[contains(@class,'title_shadow')]\")"}, {"name": "value", "value": "'9999'"}], "start": 1724085639192, "stop": 1724085641302}, {"name": "получение текста элемента", "status": "passed", "steps": [{"name": "поиск элемента", "status": "passed", "parameters": [{"name": "locator", "value": "('xpath', \"//h2[contains(@class,'title_shadow')]\")"}, {"name": "time", "value": "30"}], "start": 1724085641302, "stop": 1724085641313}], "parameters": [{"name": "locator", "value": "('xpath', \"//h2[contains(@class,'title_shadow')]\")"}], "start": 1724085641302, "stop": 1724085641319}], "start": 1724085639192, "stop": 1724085641319}], "start": 1724085636545, "stop": 1724085641319}, {"name": "получение списка заказов в работе", "status": "broken", "statusDetails": {"message": "selenium.common.exceptions.NoSuchElementException: Message: no such element: Unable to locate element: {\"method\":\"xpath\",\"selector\":\"(//ul[contains(@class,'orderList')]/li[contains(@class,'default')])[1]\"}\n  (Session info: chrome=127.0.6533.120); For documentation on this error, please visit: https://www.selenium.dev/documentation/webdriver/troubleshooting/errors#no-such-element-exception\nStacktrace:\n0   chromedriver                        0x00000001032d5024 cxxbridge1$str$ptr + 1887276\n1   chromedriver                        0x00000001032cd700 cxxbridge1$str$ptr + 1856264\n2   chromedriver                        0x0000000102edc82c cxxbridge1$string$len + 88524\n3   chromedriver                        0x0000000102f20834 cxxbridge1$string$len + 367060\n4   chromedriver                        0x0000000102f5848c cxxbridge1$string$len + 595500\n5   chromedriver                        0x0000000102f15474 cxxbridge1$string$len + 321044\n6   chromedriver                        0x0000000102f160e4 cxxbridge1$string$len + 324228\n7   chromedriver                        0x000000010329ca08 cxxbridge1$str$ptr + 1656336\n8   chromedriver                        0x00000001032a1464 cxxbridge1$str$ptr + 1675372\n9   chromedriver                        0x00000001032828ec cxxbridge1$str$ptr + 1549556\n10  chromedriver                        0x00000001032a1c14 cxxbridge1$str$ptr + 1677340\n11  chromedriver                        0x00000001032745fc cxxbridge1$str$ptr + 1491460\n12  chromedriver                        0x00000001032bea5c cxxbridge1$str$ptr + 1795684\n13  chromedriver                        0x00000001032bebd8 cxxbridge1$str$ptr + 1796064\n14  chromedriver                        0x00000001032cd334 cxxbridge1$str$ptr + 1855292\n15  libsystem_pthread.dylib             0x00000001832d9034 _pthread_start + 136\n16  libsystem_pthread.dylib             0x00000001832d3e3c thread_start + 8\n\n", "trace": "  File \"/Library/Frameworks/Python.framework/Versions/3.11/lib/python3.11/site-packages/allure_commons/_allure.py\", line 192, in impl\n    return func(*a, **kw)\n           ^^^^^^^^^^^^^^\n  File \"/Users/m.pecherskiy/Diplom_3/pages/page_order.py\", line 45, in get_orders_in_progress\n    self.click_on_element(Order.ACTIVE_ORDER_ITEM)\n  File \"/Library/Frameworks/Python.framework/Versions/3.11/lib/python3.11/site-packages/allure_commons/_allure.py\", line 192, in impl\n    return func(*a, **kw)\n           ^^^^^^^^^^^^^^\n  File \"/Users/m.pecherskiy/Diplom_3/pages/page.py\", line 19, in click_on_element\n    self.driver.find_element(*locator).click()\n    ^^^^^^^^^^^^^^^^^^^^^^^^^^^^^^^^^^\n  File \"/Library/Frameworks/Python.framework/Versions/3.11/lib/python3.11/site-packages/selenium/webdriver/remote/webdriver.py\", line 741, in find_element\n    return self.execute(Command.FIND_ELEMENT, {\"using\": by, \"value\": value})[\"value\"]\n           ^^^^^^^^^^^^^^^^^^^^^^^^^^^^^^^^^^^^^^^^^^^^^^^^^^^^^^^^^^^^^^^^^\n  File \"/Library/Frameworks/Python.framework/Versions/3.11/lib/python3.11/site-packages/selenium/webdriver/remote/webdriver.py\", line 347, in execute\n    self.error_handler.check_response(response)\n  File \"/Library/Frameworks/Python.framework/Versions/3.11/lib/python3.11/site-packages/selenium/webdriver/remote/errorhandler.py\", line 229, in check_response\n    raise exception_class(message, screen, stacktrace)\n"}, "steps": [{"name": "клик по нужному элементу", "status": "passed", "parameters": [{"name": "locator", "value": "('xpath', \"//section[contains(@class, 'Modal_modal_opened')]//button[contains(@class, 'close')]\")"}, {"name": "wait", "value": "None"}], "start": 1724085641319, "stop": 1724085641345}, {"name": "клик по нужному элементу", "status": "passed", "parameters": [{"name": "locator", "value": "('xpath', \"//a[@href='/feed']\")"}, {"name": "wait", "value": "None"}], "start": 1724085641345, "stop": 1724085641613}, {"name": "клик по нужному элементу", "status": "broken", "statusDetails": {"message": "selenium.common.exceptions.NoSuchElementException: Message: no such element: Unable to locate element: {\"method\":\"xpath\",\"selector\":\"(//ul[contains(@class,'orderList')]/li[contains(@class,'default')])[1]\"}\n  (Session info: chrome=127.0.6533.120); For documentation on this error, please visit: https://www.selenium.dev/documentation/webdriver/troubleshooting/errors#no-such-element-exception\nStacktrace:\n0   chromedriver                        0x00000001032d5024 cxxbridge1$str$ptr + 1887276\n1   chromedriver                        0x00000001032cd700 cxxbridge1$str$ptr + 1856264\n2   chromedriver                        0x0000000102edc82c cxxbridge1$string$len + 88524\n3   chromedriver                        0x0000000102f20834 cxxbridge1$string$len + 367060\n4   chromedriver                        0x0000000102f5848c cxxbridge1$string$len + 595500\n5   chromedriver                        0x0000000102f15474 cxxbridge1$string$len + 321044\n6   chromedriver                        0x0000000102f160e4 cxxbridge1$string$len + 324228\n7   chromedriver                        0x000000010329ca08 cxxbridge1$str$ptr + 1656336\n8   chromedriver                        0x00000001032a1464 cxxbridge1$str$ptr + 1675372\n9   chromedriver                        0x00000001032828ec cxxbridge1$str$ptr + 1549556\n10  chromedriver                        0x00000001032a1c14 cxxbridge1$str$ptr + 1677340\n11  chromedriver                        0x00000001032745fc cxxbridge1$str$ptr + 1491460\n12  chromedriver                        0x00000001032bea5c cxxbridge1$str$ptr + 1795684\n13  chromedriver                        0x00000001032bebd8 cxxbridge1$str$ptr + 1796064\n14  chromedriver                        0x00000001032cd334 cxxbridge1$str$ptr + 1855292\n15  libsystem_pthread.dylib             0x00000001832d9034 _pthread_start + 136\n16  libsystem_pthread.dylib             0x00000001832d3e3c thread_start + 8\n\n", "trace": "  File \"/Library/Frameworks/Python.framework/Versions/3.11/lib/python3.11/site-packages/allure_commons/_allure.py\", line 192, in impl\n    return func(*a, **kw)\n           ^^^^^^^^^^^^^^\n  File \"/Users/m.pecherskiy/Diplom_3/pages/page.py\", line 19, in click_on_element\n    self.driver.find_element(*locator).click()\n    ^^^^^^^^^^^^^^^^^^^^^^^^^^^^^^^^^^\n  File \"/Library/Frameworks/Python.framework/Versions/3.11/lib/python3.11/site-packages/selenium/webdriver/remote/webdriver.py\", line 741, in find_element\n    return self.execute(Command.FIND_ELEMENT, {\"using\": by, \"value\": value})[\"value\"]\n           ^^^^^^^^^^^^^^^^^^^^^^^^^^^^^^^^^^^^^^^^^^^^^^^^^^^^^^^^^^^^^^^^^\n  File \"/Library/Frameworks/Python.framework/Versions/3.11/lib/python3.11/site-packages/selenium/webdriver/remote/webdriver.py\", line 347, in execute\n    self.error_handler.check_response(response)\n  File \"/Library/Frameworks/Python.framework/Versions/3.11/lib/python3.11/site-packages/selenium/webdriver/remote/errorhandler.py\", line 229, in check_response\n    raise exception_class(message, screen, stacktrace)\n"}, "parameters": [{"name": "locator", "value": "('xpath', \"(//ul[contains(@class,'orderList')]/li[contains(@class,'default')])[1]\")"}, {"name": "wait", "value": "None"}], "start": 1724085641613, "stop": 1724085641620}], "start": 1724085641319, "stop": 1724085641621}], "parameters": [{"name": "driver", "value": "'chrome'"}], "start": 1724085636273, "stop": 1724085641622, "uuid": "6b2833c8-7a25-4d94-abbc-0e78253aa7cf", "historyId": "693e11a43ffa8c9c9b984cf64c3266a2", "testCaseId": "4659b613016711a70ee754eb6ac184a1", "fullName": "tests.test_orders.TestOrder#test_new_order_in_progress", "labels": [{"name": "parentSuite", "value": "tests"}, {"name": "suite", "value": "test_orders"}, {"name": "subSuite", "value": "TestOrder"}, {"name": "host", "value": "MacBook-Pro-w-adm-8.local"}, {"name": "thread", "value": "82102-MainThread"}, {"name": "framework", "value": "pytest"}, {"name": "language", "value": "cpython3"}, {"name": "package", "value": "tests.test_orders"}]}