{"name": "Проверка увеличения счётчика заказов за сегодня", "status": "broken", "statusDetails": {"message": "selenium.common.exceptions.ElementClickInterceptedException: Message: Element <a class=\"AppHeader_header__link__3D_hX\" href=\"/feed\"> is not clickable at point (284,44) because another element <div class=\"Modal_modal_overlay__x2ZCr\"> obscures it\nStacktrace:\nRemoteError@chrome://remote/content/shared/RemoteError.sys.mjs:8:8\nWebDriverError@chrome://remote/content/shared/webdriver/Errors.sys.mjs:193:5\nElementClickInterceptedError@chrome://remote/content/shared/webdriver/Errors.sys.mjs:337:5\nwebdriverClickElement@chrome://remote/content/marionette/interaction.sys.mjs:177:11\ninteraction.clickElement@chrome://remote/content/marionette/interaction.sys.mjs:136:11\nclickElement@chrome://remote/content/marionette/actors/MarionetteCommandsChild.sys.mjs:205:29\nreceiveMessage@chrome://remote/content/marionette/actors/MarionetteCommandsChild.sys.mjs:85:31", "trace": "self = <tests.test_orders.TestOrder object at 0x1033e7f10>, driver = <selenium.webdriver.firefox.webdriver.WebDriver (session=\"eae01eab-3997-4ed1-87e8-03e0fa43551b\")>\ncreate_ui_user = {'accessToken': 'Bearer eyJhbGciOiJIUzI1NiIsInR5cCI6IkpXVCJ9.eyJpZCI6IjY2YzM3NTdkOWVkMjgwMDAxYjQ5YWFmYiIsImlhdCI6MTcyN...xdgdBennt10mqJ4uQj41FXQOAs', 'email': 'smithstacy@example.net', 'name': 'Todd Kelley', 'password': '_iecNyjgF(8O', ...}\n\n    @allure.title('Проверка увеличения счётчика заказов за сегодня')\n    @allure.description('Авторизация, создание нового заказа и проверка увеличения счётчика заказов за текущий день.')\n    def test_counter_today(self, driver, create_ui_user):\n        order_feed = OrderPage(driver)\n        order_feed.click_personal_page()\n        order_feed.login_user(create_ui_user['email'], create_ui_user['password'])\n>       initial_today_count = order_feed.get_total_orders_today()\n\ntests/test_orders.py:45: \n_ _ _ _ _ _ _ _ _ _ _ _ _ _ _ _ _ _ _ _ _ _ _ _ _ _ _ _ _ _ _ _ _ _ _ _ _ _ _ _ _ _ _ _ _ _ _ _ _ _ _ _ _ _ _ _ _ _ _ _ _ _ _ _ _ _ _ _ _ _ _ _ _ _ _ _ _ _ _ _ _ _ _ _ _ _ _ _ _ _ _\npages/page_order.py:55: in get_total_orders_today\n    self.click_on_element(Order.ORDER_FEED_LINK)\npages/page.py:19: in click_on_element\n    self.driver.find_element(*locator).click()\n/Library/Frameworks/Python.framework/Versions/3.11/lib/python3.11/site-packages/selenium/webdriver/remote/webelement.py:94: in click\n    self._execute(Command.CLICK_ELEMENT)\n/Library/Frameworks/Python.framework/Versions/3.11/lib/python3.11/site-packages/selenium/webdriver/remote/webelement.py:395: in _execute\n    return self._parent.execute(command, params)\n/Library/Frameworks/Python.framework/Versions/3.11/lib/python3.11/site-packages/selenium/webdriver/remote/webdriver.py:347: in execute\n    self.error_handler.check_response(response)\n_ _ _ _ _ _ _ _ _ _ _ _ _ _ _ _ _ _ _ _ _ _ _ _ _ _ _ _ _ _ _ _ _ _ _ _ _ _ _ _ _ _ _ _ _ _ _ _ _ _ _ _ _ _ _ _ _ _ _ _ _ _ _ _ _ _ _ _ _ _ _ _ _ _ _ _ _ _ _ _ _ _ _ _ _ _ _ _ _ _ _\n\nself = <selenium.webdriver.remote.errorhandler.ErrorHandler object at 0x1036922d0>\nresponse = {'status': 400, 'value': '{\"value\":{\"error\":\"element click intercepted\",\"message\":\"Element <a class=\\\\\"AppHeader_heade...sys.mjs:205:29\\\\nreceiveMessage@chrome://remote/content/marionette/actors/MarionetteCommandsChild.sys.mjs:85:31\\\\n\"}}'}\n\n    def check_response(self, response: Dict[str, Any]) -> None:\n        \"\"\"Checks that a JSON response from the WebDriver does not have an\n        error.\n    \n        :Args:\n         - response - The JSON response from the WebDriver server as a dictionary\n           object.\n    \n        :Raises: If the response contains an error message.\n        \"\"\"\n        status = response.get(\"status\", None)\n        if not status or status == ErrorCode.SUCCESS:\n            return\n        value = None\n        message = response.get(\"message\", \"\")\n        screen: str = response.get(\"screen\", \"\")\n        stacktrace = None\n        if isinstance(status, int):\n            value_json = response.get(\"value\", None)\n            if value_json and isinstance(value_json, str):\n                import json\n    \n                try:\n                    value = json.loads(value_json)\n                    if len(value) == 1:\n                        value = value[\"value\"]\n                    status = value.get(\"error\", None)\n                    if not status:\n                        status = value.get(\"status\", ErrorCode.UNKNOWN_ERROR)\n                        message = value.get(\"value\") or value.get(\"message\")\n                        if not isinstance(message, str):\n                            value = message\n                            message = message.get(\"message\")\n                    else:\n                        message = value.get(\"message\", None)\n                except ValueError:\n                    pass\n    \n        exception_class: Type[WebDriverException]\n        e = ErrorCode()\n        error_codes = [item for item in dir(e) if not item.startswith(\"__\")]\n        for error_code in error_codes:\n            error_info = getattr(ErrorCode, error_code)\n            if isinstance(error_info, list) and status in error_info:\n                exception_class = getattr(ExceptionMapping, error_code, WebDriverException)\n                break\n        else:\n            exception_class = WebDriverException\n    \n        if not value:\n            value = response[\"value\"]\n        if isinstance(value, str):\n            raise exception_class(value)\n        if message == \"\" and \"message\" in value:\n            message = value[\"message\"]\n    \n        screen = None  # type: ignore[assignment]\n        if \"screen\" in value:\n            screen = value[\"screen\"]\n    \n        stacktrace = None\n        st_value = value.get(\"stackTrace\") or value.get(\"stacktrace\")\n        if st_value:\n            if isinstance(st_value, str):\n                stacktrace = st_value.split(\"\\n\")\n            else:\n                stacktrace = []\n                try:\n                    for frame in st_value:\n                        line = frame.get(\"lineNumber\", \"\")\n                        file = frame.get(\"fileName\", \"<anonymous>\")\n                        if line:\n                            file = f\"{file}:{line}\"\n                        meth = frame.get(\"methodName\", \"<anonymous>\")\n                        if \"className\" in frame:\n                            meth = f\"{frame['className']}.{meth}\"\n                        msg = \"    at %s (%s)\"\n                        msg = msg % (meth, file)\n                        stacktrace.append(msg)\n                except TypeError:\n                    pass\n        if exception_class == UnexpectedAlertPresentException:\n            alert_text = None\n            if \"data\" in value:\n                alert_text = value[\"data\"].get(\"text\")\n            elif \"alert\" in value:\n                alert_text = value[\"alert\"].get(\"text\")\n            raise exception_class(message, screen, stacktrace, alert_text)  # type: ignore[call-arg]  # mypy is not smart enough here\n>       raise exception_class(message, screen, stacktrace)\nE       selenium.common.exceptions.ElementClickInterceptedException: Message: Element <a class=\"AppHeader_header__link__3D_hX\" href=\"/feed\"> is not clickable at point (284,44) because another element <div class=\"Modal_modal_overlay__x2ZCr\"> obscures it\nE       Stacktrace:\nE       RemoteError@chrome://remote/content/shared/RemoteError.sys.mjs:8:8\nE       WebDriverError@chrome://remote/content/shared/webdriver/Errors.sys.mjs:193:5\nE       ElementClickInterceptedError@chrome://remote/content/shared/webdriver/Errors.sys.mjs:337:5\nE       webdriverClickElement@chrome://remote/content/marionette/interaction.sys.mjs:177:11\nE       interaction.clickElement@chrome://remote/content/marionette/interaction.sys.mjs:136:11\nE       clickElement@chrome://remote/content/marionette/actors/MarionetteCommandsChild.sys.mjs:205:29\nE       receiveMessage@chrome://remote/content/marionette/actors/MarionetteCommandsChild.sys.mjs:85:31\n\n/Library/Frameworks/Python.framework/Versions/3.11/lib/python3.11/site-packages/selenium/webdriver/remote/errorhandler.py:229: ElementClickInterceptedException"}, "description": "Авторизация, создание нового заказа и проверка увеличения счётчика заказов за текущий день.", "steps": [{"name": "клик по Личному кабинету", "status": "passed", "steps": [{"name": "клик по нужному элементу", "status": "passed", "parameters": [{"name": "locator", "value": "('xpath', \"//a[@href='/account']\")"}, {"name": "wait", "value": "None"}], "start": 1724085629455, "stop": 1724085629703}], "start": 1724085629455, "stop": 1724085629703}, {"name": "ввод данных пользователя для входа", "status": "passed", "steps": [{"name": "сделать запись", "status": "passed", "steps": [{"name": "поиск элемента", "status": "passed", "parameters": [{"name": "locator", "value": "('xpath', \"//input[@type='text']\")"}, {"name": "time", "value": "30"}], "start": 1724085629703, "stop": 1724085629711}], "parameters": [{"name": "locator", "value": "('xpath', \"//input[@type='text']\")"}, {"name": "text", "value": "'smithstacy@example.net'"}], "start": 1724085629703, "stop": 1724085629741}, {"name": "сделать запись", "status": "passed", "steps": [{"name": "поиск элемента", "status": "passed", "parameters": [{"name": "locator", "value": "('xpath', \"//input[contains(@type, 'password')]\")"}, {"name": "time", "value": "30"}], "start": 1724085629742, "stop": 1724085629748}], "parameters": [{"name": "locator", "value": "('xpath', \"//input[contains(@type, 'password')]\")"}, {"name": "text", "value": "'_iecNyjgF(8O'"}], "start": 1724085629742, "stop": 1724085629761}, {"name": "клик по нужному элементу", "status": "passed", "parameters": [{"name": "locator", "value": "('xpath', \"//button[contains(@class, 'button')]\")"}, {"name": "wait", "value": "None"}], "start": 1724085629761, "stop": 1724085629986}], "parameters": [{"name": "email", "value": "'smithstacy@example.net'"}, {"name": "password", "value": "'_iecNyjgF(8O'"}], "start": 1724085629703, "stop": 1724085629986}, {"name": "получение общего количества заказов за сегодня", "status": "broken", "statusDetails": {"message": "selenium.common.exceptions.ElementClickInterceptedException: Message: Element <a class=\"AppHeader_header__link__3D_hX\" href=\"/feed\"> is not clickable at point (284,44) because another element <div class=\"Modal_modal_overlay__x2ZCr\"> obscures it\nStacktrace:\nRemoteError@chrome://remote/content/shared/RemoteError.sys.mjs:8:8\nWebDriverError@chrome://remote/content/shared/webdriver/Errors.sys.mjs:193:5\nElementClickInterceptedError@chrome://remote/content/shared/webdriver/Errors.sys.mjs:337:5\nwebdriverClickElement@chrome://remote/content/marionette/interaction.sys.mjs:177:11\ninteraction.clickElement@chrome://remote/content/marionette/interaction.sys.mjs:136:11\nclickElement@chrome://remote/content/marionette/actors/MarionetteCommandsChild.sys.mjs:205:29\nreceiveMessage@chrome://remote/content/marionette/actors/MarionetteCommandsChild.sys.mjs:85:31\n\n", "trace": "  File \"/Library/Frameworks/Python.framework/Versions/3.11/lib/python3.11/site-packages/allure_commons/_allure.py\", line 192, in impl\n    return func(*a, **kw)\n           ^^^^^^^^^^^^^^\n  File \"/Users/m.pecherskiy/Diplom_3/pages/page_order.py\", line 55, in get_total_orders_today\n    self.click_on_element(Order.ORDER_FEED_LINK)\n  File \"/Library/Frameworks/Python.framework/Versions/3.11/lib/python3.11/site-packages/allure_commons/_allure.py\", line 192, in impl\n    return func(*a, **kw)\n           ^^^^^^^^^^^^^^\n  File \"/Users/m.pecherskiy/Diplom_3/pages/page.py\", line 19, in click_on_element\n    self.driver.find_element(*locator).click()\n  File \"/Library/Frameworks/Python.framework/Versions/3.11/lib/python3.11/site-packages/selenium/webdriver/remote/webelement.py\", line 94, in click\n    self._execute(Command.CLICK_ELEMENT)\n  File \"/Library/Frameworks/Python.framework/Versions/3.11/lib/python3.11/site-packages/selenium/webdriver/remote/webelement.py\", line 395, in _execute\n    return self._parent.execute(command, params)\n           ^^^^^^^^^^^^^^^^^^^^^^^^^^^^^^^^^^^^^\n  File \"/Library/Frameworks/Python.framework/Versions/3.11/lib/python3.11/site-packages/selenium/webdriver/remote/webdriver.py\", line 347, in execute\n    self.error_handler.check_response(response)\n  File \"/Library/Frameworks/Python.framework/Versions/3.11/lib/python3.11/site-packages/selenium/webdriver/remote/errorhandler.py\", line 229, in check_response\n    raise exception_class(message, screen, stacktrace)\n"}, "steps": [{"name": "клик по нужному элементу", "status": "broken", "statusDetails": {"message": "selenium.common.exceptions.ElementClickInterceptedException: Message: Element <a class=\"AppHeader_header__link__3D_hX\" href=\"/feed\"> is not clickable at point (284,44) because another element <div class=\"Modal_modal_overlay__x2ZCr\"> obscures it\nStacktrace:\nRemoteError@chrome://remote/content/shared/RemoteError.sys.mjs:8:8\nWebDriverError@chrome://remote/content/shared/webdriver/Errors.sys.mjs:193:5\nElementClickInterceptedError@chrome://remote/content/shared/webdriver/Errors.sys.mjs:337:5\nwebdriverClickElement@chrome://remote/content/marionette/interaction.sys.mjs:177:11\ninteraction.clickElement@chrome://remote/content/marionette/interaction.sys.mjs:136:11\nclickElement@chrome://remote/content/marionette/actors/MarionetteCommandsChild.sys.mjs:205:29\nreceiveMessage@chrome://remote/content/marionette/actors/MarionetteCommandsChild.sys.mjs:85:31\n\n", "trace": "  File \"/Library/Frameworks/Python.framework/Versions/3.11/lib/python3.11/site-packages/allure_commons/_allure.py\", line 192, in impl\n    return func(*a, **kw)\n           ^^^^^^^^^^^^^^\n  File \"/Users/m.pecherskiy/Diplom_3/pages/page.py\", line 19, in click_on_element\n    self.driver.find_element(*locator).click()\n  File \"/Library/Frameworks/Python.framework/Versions/3.11/lib/python3.11/site-packages/selenium/webdriver/remote/webelement.py\", line 94, in click\n    self._execute(Command.CLICK_ELEMENT)\n  File \"/Library/Frameworks/Python.framework/Versions/3.11/lib/python3.11/site-packages/selenium/webdriver/remote/webelement.py\", line 395, in _execute\n    return self._parent.execute(command, params)\n           ^^^^^^^^^^^^^^^^^^^^^^^^^^^^^^^^^^^^^\n  File \"/Library/Frameworks/Python.framework/Versions/3.11/lib/python3.11/site-packages/selenium/webdriver/remote/webdriver.py\", line 347, in execute\n    self.error_handler.check_response(response)\n  File \"/Library/Frameworks/Python.framework/Versions/3.11/lib/python3.11/site-packages/selenium/webdriver/remote/errorhandler.py\", line 229, in check_response\n    raise exception_class(message, screen, stacktrace)\n"}, "parameters": [{"name": "locator", "value": "('xpath', \"//a[@href='/feed']\")"}, {"name": "wait", "value": "None"}], "start": 1724085629986, "stop": 1724085630003}], "start": 1724085629986, "stop": 1724085630003}], "parameters": [{"name": "driver", "value": "'firefox'"}], "start": 1724085629455, "stop": 1724085630004, "uuid": "4a2c962e-3c2d-4daa-bbc1-ceba52d301d3", "historyId": "9221f2fffd5d0c483d90df98055293fd", "testCaseId": "52e2b5cc836099602bf04d4a9cb5ea64", "fullName": "tests.test_orders.TestOrder#test_counter_today", "labels": [{"name": "parentSuite", "value": "tests"}, {"name": "suite", "value": "test_orders"}, {"name": "subSuite", "value": "TestOrder"}, {"name": "host", "value": "MacBook-Pro-w-adm-8.local"}, {"name": "thread", "value": "82102-MainThread"}, {"name": "framework", "value": "pytest"}, {"name": "language", "value": "cpython3"}, {"name": "package", "value": "tests.test_orders"}]}