{"name": "Проверка отображения заказа пользователя в ленте заказов", "status": "broken", "statusDetails": {"message": "selenium.common.exceptions.NoSuchElementException: Message: no such element: Unable to locate element: {\"method\":\"xpath\",\"selector\":\"(//ul[contains(@class,'orderList')]/li[contains(@class,'default')])[1]\"}\n  (Session info: chrome=127.0.6533.120); For documentation on this error, please visit: https://www.selenium.dev/documentation/webdriver/troubleshooting/errors#no-such-element-exception\nStacktrace:\n0   chromedriver                        0x00000001049f1024 cxxbridge1$str$ptr + 1887276\n1   chromedriver                        0x00000001049e9700 cxxbridge1$str$ptr + 1856264\n2   chromedriver                        0x00000001045f882c cxxbridge1$string$len + 88524\n3   chromedriver                        0x000000010463c834 cxxbridge1$string$len + 367060\n4   chromedriver                        0x000000010467448c cxxbridge1$string$len + 595500\n5   chromedriver                        0x0000000104631474 cxxbridge1$string$len + 321044\n6   chromedriver                        0x00000001046320e4 cxxbridge1$string$len + 324228\n7   chromedriver                        0x00000001049b8a08 cxxbridge1$str$ptr + 1656336\n8   chromedriver                        0x00000001049bd464 cxxbridge1$str$ptr + 1675372\n9   chromedriver                        0x000000010499e8ec cxxbridge1$str$ptr + 1549556\n10  chromedriver                        0x00000001049bdc14 cxxbridge1$str$ptr + 1677340\n11  chromedriver                        0x00000001049905fc cxxbridge1$str$ptr + 1491460\n12  chromedriver                        0x00000001049daa5c cxxbridge1$str$ptr + 1795684\n13  chromedriver                        0x00000001049dabd8 cxxbridge1$str$ptr + 1796064\n14  chromedriver                        0x00000001049e9334 cxxbridge1$str$ptr + 1855292\n15  libsystem_pthread.dylib             0x00000001832d9034 _pthread_start + 136\n16  libsystem_pthread.dylib             0x00000001832d3e3c thread_start + 8", "trace": "self = <tests.test_orders.TestOrder object at 0x10343de90>, driver = <selenium.webdriver.chrome.webdriver.WebDriver (session=\"f54857a950d746dbdbcb8d39fe9207d2\")>\ncreate_ui_user = {'accessToken': 'Bearer eyJhbGciOiJIUzI1NiIsInR5cCI6IkpXVCJ9.eyJpZCI6IjY2YzM3NTNkOWVkMjgwMDAxYjQ5YWFjZiIsImlhdCI6MTcyN...KGR2fDOxfCkQarcoowCHg', 'email': 'josephriley@example.org', 'name': 'Emily Mccormick', 'password': '6Id$Nikyg2WS', ...}\n\n    @allure.title('Проверка отображения заказа пользователя в ленте заказов')\n    @allure.description('Авторизация пользователя, создание нового заказа, проверка его наличия в ленте заказов.')\n    def test_order_from_history(self, driver, create_ui_user):\n        order_feed = OrderPage(driver)\n        order_feed.click_personal_page()\n        order_feed.login_user(create_ui_user['email'], create_ui_user['password'])\n        order_number = order_feed.add_ingredient_and_place_order()\n        formatted_order_number = order_number.lstrip('0')\n>       assert formatted_order_number in order_feed.get_orders_in_progress().lstrip('0')\n\ntests/test_orders.py:24: \n_ _ _ _ _ _ _ _ _ _ _ _ _ _ _ _ _ _ _ _ _ _ _ _ _ _ _ _ _ _ _ _ _ _ _ _ _ _ _ _ _ _ _ _ _ _ _ _ _ _ _ _ _ _ _ _ _ _ _ _ _ _ _ _ _ _ _ _ _ _ _ _ _ _ _ _ _ _ _ _ _ _ _ _ _ _ _ _ _ _ _\npages/page_order.py:45: in get_orders_in_progress\n    self.click_on_element(Order.ACTIVE_ORDER_ITEM)\npages/page.py:19: in click_on_element\n    self.driver.find_element(*locator).click()\n/Library/Frameworks/Python.framework/Versions/3.11/lib/python3.11/site-packages/selenium/webdriver/remote/webdriver.py:741: in find_element\n    return self.execute(Command.FIND_ELEMENT, {\"using\": by, \"value\": value})[\"value\"]\n/Library/Frameworks/Python.framework/Versions/3.11/lib/python3.11/site-packages/selenium/webdriver/remote/webdriver.py:347: in execute\n    self.error_handler.check_response(response)\n_ _ _ _ _ _ _ _ _ _ _ _ _ _ _ _ _ _ _ _ _ _ _ _ _ _ _ _ _ _ _ _ _ _ _ _ _ _ _ _ _ _ _ _ _ _ _ _ _ _ _ _ _ _ _ _ _ _ _ _ _ _ _ _ _ _ _ _ _ _ _ _ _ _ _ _ _ _ _ _ _ _ _ _ _ _ _ _ _ _ _\n\nself = <selenium.webdriver.remote.errorhandler.ErrorHandler object at 0x10367d310>\nresponse = {'status': 404, 'value': '{\"value\":{\"error\":\"no such element\",\"message\":\"no such element: Unable to locate element: {\\...0001832d9034 _pthread_start + 136\\\\n16  libsystem_pthread.dylib             0x00000001832d3e3c thread_start + 8\\\\n\"}}'}\n\n    def check_response(self, response: Dict[str, Any]) -> None:\n        \"\"\"Checks that a JSON response from the WebDriver does not have an\n        error.\n    \n        :Args:\n         - response - The JSON response from the WebDriver server as a dictionary\n           object.\n    \n        :Raises: If the response contains an error message.\n        \"\"\"\n        status = response.get(\"status\", None)\n        if not status or status == ErrorCode.SUCCESS:\n            return\n        value = None\n        message = response.get(\"message\", \"\")\n        screen: str = response.get(\"screen\", \"\")\n        stacktrace = None\n        if isinstance(status, int):\n            value_json = response.get(\"value\", None)\n            if value_json and isinstance(value_json, str):\n                import json\n    \n                try:\n                    value = json.loads(value_json)\n                    if len(value) == 1:\n                        value = value[\"value\"]\n                    status = value.get(\"error\", None)\n                    if not status:\n                        status = value.get(\"status\", ErrorCode.UNKNOWN_ERROR)\n                        message = value.get(\"value\") or value.get(\"message\")\n                        if not isinstance(message, str):\n                            value = message\n                            message = message.get(\"message\")\n                    else:\n                        message = value.get(\"message\", None)\n                except ValueError:\n                    pass\n    \n        exception_class: Type[WebDriverException]\n        e = ErrorCode()\n        error_codes = [item for item in dir(e) if not item.startswith(\"__\")]\n        for error_code in error_codes:\n            error_info = getattr(ErrorCode, error_code)\n            if isinstance(error_info, list) and status in error_info:\n                exception_class = getattr(ExceptionMapping, error_code, WebDriverException)\n                break\n        else:\n            exception_class = WebDriverException\n    \n        if not value:\n            value = response[\"value\"]\n        if isinstance(value, str):\n            raise exception_class(value)\n        if message == \"\" and \"message\" in value:\n            message = value[\"message\"]\n    \n        screen = None  # type: ignore[assignment]\n        if \"screen\" in value:\n            screen = value[\"screen\"]\n    \n        stacktrace = None\n        st_value = value.get(\"stackTrace\") or value.get(\"stacktrace\")\n        if st_value:\n            if isinstance(st_value, str):\n                stacktrace = st_value.split(\"\\n\")\n            else:\n                stacktrace = []\n                try:\n                    for frame in st_value:\n                        line = frame.get(\"lineNumber\", \"\")\n                        file = frame.get(\"fileName\", \"<anonymous>\")\n                        if line:\n                            file = f\"{file}:{line}\"\n                        meth = frame.get(\"methodName\", \"<anonymous>\")\n                        if \"className\" in frame:\n                            meth = f\"{frame['className']}.{meth}\"\n                        msg = \"    at %s (%s)\"\n                        msg = msg % (meth, file)\n                        stacktrace.append(msg)\n                except TypeError:\n                    pass\n        if exception_class == UnexpectedAlertPresentException:\n            alert_text = None\n            if \"data\" in value:\n                alert_text = value[\"data\"].get(\"text\")\n            elif \"alert\" in value:\n                alert_text = value[\"alert\"].get(\"text\")\n            raise exception_class(message, screen, stacktrace, alert_text)  # type: ignore[call-arg]  # mypy is not smart enough here\n>       raise exception_class(message, screen, stacktrace)\nE       selenium.common.exceptions.NoSuchElementException: Message: no such element: Unable to locate element: {\"method\":\"xpath\",\"selector\":\"(//ul[contains(@class,'orderList')]/li[contains(@class,'default')])[1]\"}\nE         (Session info: chrome=127.0.6533.120); For documentation on this error, please visit: https://www.selenium.dev/documentation/webdriver/troubleshooting/errors#no-such-element-exception\nE       Stacktrace:\nE       0   chromedriver                        0x00000001049f1024 cxxbridge1$str$ptr + 1887276\nE       1   chromedriver                        0x00000001049e9700 cxxbridge1$str$ptr + 1856264\nE       2   chromedriver                        0x00000001045f882c cxxbridge1$string$len + 88524\nE       3   chromedriver                        0x000000010463c834 cxxbridge1$string$len + 367060\nE       4   chromedriver                        0x000000010467448c cxxbridge1$string$len + 595500\nE       5   chromedriver                        0x0000000104631474 cxxbridge1$string$len + 321044\nE       6   chromedriver                        0x00000001046320e4 cxxbridge1$string$len + 324228\nE       7   chromedriver                        0x00000001049b8a08 cxxbridge1$str$ptr + 1656336\nE       8   chromedriver                        0x00000001049bd464 cxxbridge1$str$ptr + 1675372\nE       9   chromedriver                        0x000000010499e8ec cxxbridge1$str$ptr + 1549556\nE       10  chromedriver                        0x00000001049bdc14 cxxbridge1$str$ptr + 1677340\nE       11  chromedriver                        0x00000001049905fc cxxbridge1$str$ptr + 1491460\nE       12  chromedriver                        0x00000001049daa5c cxxbridge1$str$ptr + 1795684\nE       13  chromedriver                        0x00000001049dabd8 cxxbridge1$str$ptr + 1796064\nE       14  chromedriver                        0x00000001049e9334 cxxbridge1$str$ptr + 1855292\nE       15  libsystem_pthread.dylib             0x00000001832d9034 _pthread_start + 136\nE       16  libsystem_pthread.dylib             0x00000001832d3e3c thread_start + 8\n\n/Library/Frameworks/Python.framework/Versions/3.11/lib/python3.11/site-packages/selenium/webdriver/remote/errorhandler.py:229: NoSuchElementException"}, "description": "Авторизация пользователя, создание нового заказа, проверка его наличия в ленте заказов.", "steps": [{"name": "клик по Личному кабинету", "status": "passed", "steps": [{"name": "клик по нужному элементу", "status": "passed", "parameters": [{"name": "locator", "value": "('xpath', \"//a[@href='/account']\")"}, {"name": "wait", "value": "None"}], "start": 1724085565674, "stop": 1724085565738}], "start": 1724085565673, "stop": 1724085565738}, {"name": "ввод данных пользователя для входа", "status": "passed", "steps": [{"name": "сделать запись", "status": "passed", "steps": [{"name": "поиск элемента", "status": "passed", "parameters": [{"name": "locator", "value": "('xpath', \"//input[@type='text']\")"}, {"name": "time", "value": "30"}], "start": 1724085565738, "stop": 1724085565752}], "parameters": [{"name": "locator", "value": "('xpath', \"//input[@type='text']\")"}, {"name": "text", "value": "'josephriley@example.org'"}], "start": 1724085565738, "stop": 1724085565871}, {"name": "сделать запись", "status": "passed", "steps": [{"name": "поиск элемента", "status": "passed", "parameters": [{"name": "locator", "value": "('xpath', \"//input[contains(@type, 'password')]\")"}, {"name": "time", "value": "30"}], "start": 1724085565871, "stop": 1724085565882}], "parameters": [{"name": "locator", "value": "('xpath', \"//input[contains(@type, 'password')]\")"}, {"name": "text", "value": "'6Id$Nikyg2WS'"}], "start": 1724085565871, "stop": 1724085565926}, {"name": "клик по нужному элементу", "status": "passed", "parameters": [{"name": "locator", "value": "('xpath', \"//button[contains(@class, 'button')]\")"}, {"name": "wait", "value": "None"}], "start": 1724085565926, "stop": 1724085565951}], "parameters": [{"name": "email", "value": "'josephriley@example.org'"}, {"name": "password", "value": "'6Id$Nikyg2WS'"}], "start": 1724085565738, "stop": 1724085565951}, {"name": "добавление ингредиента в заказ и оформление", "status": "passed", "steps": [{"name": "поиск элемента", "status": "passed", "parameters": [{"name": "locator", "value": "('xpath', \"(//a[contains(@class,'BurgerIngredient')]/img[contains(@class,'ingredient__image')])[1]\")"}, {"name": "time", "value": "30"}], "start": 1724085565952, "stop": 1724085566476}, {"name": "поиск элемента", "status": "passed", "parameters": [{"name": "locator", "value": "('xpath', \"(//section[contains(@class, 'BurgerConstructor_basket')]//li)[1]\")"}, {"name": "time", "value": "30"}], "start": 1724085566477, "stop": 1724085566492}, {"name": "перетащить элемент", "status": "passed", "parameters": [{"name": "drag", "value": "<selenium.webdriver.remote.webelement.WebElement (session=\"f54857a950d746dbdbcb8d39fe9207d2\", element=\"f.785259176F3D3662EED026B14EF5697F.d.A0BE1FCFA55438302BC18C48DEA0B9FE.e.78\")>"}, {"name": "drop", "value": "<selenium.webdriver.remote.webelement.WebElement (session=\"f54857a950d746dbdbcb8d39fe9207d2\", element=\"f.785259176F3D3662EED026B14EF5697F.d.A0BE1FCFA55438302BC18C48DEA0B9FE.e.79\")>"}], "start": 1724085566492, "stop": 1724085568042}, {"name": "клик по нужному элементу", "status": "passed", "parameters": [{"name": "locator", "value": "('xpath', \"//button[contains(@class, 'button_type_primary')]\")"}, {"name": "wait", "value": "None"}], "start": 1724085568043, "stop": 1724085568078}, {"name": "получение номера оформленного заказа", "status": "passed", "steps": [{"name": "ожидание пока текст элемента не изменится", "status": "passed", "steps": [{"name": "поиск элемента", "status": "passed", "parameters": [{"name": "locator", "value": "('xpath', \"//h2[contains(@class,'title_shadow')]\")"}, {"name": "time", "value": "30"}], "start": 1724085568078, "stop": 1724085568089}], "parameters": [{"name": "locator", "value": "('xpath', \"//h2[contains(@class,'title_shadow')]\")"}, {"name": "value", "value": "'9999'"}], "start": 1724085568078, "stop": 1724085570180}, {"name": "получение текста элемента", "status": "passed", "steps": [{"name": "поиск элемента", "status": "passed", "parameters": [{"name": "locator", "value": "('xpath', \"//h2[contains(@class,'title_shadow')]\")"}, {"name": "time", "value": "30"}], "start": 1724085570180, "stop": 1724085570191}], "parameters": [{"name": "locator", "value": "('xpath', \"//h2[contains(@class,'title_shadow')]\")"}], "start": 1724085570180, "stop": 1724085570197}], "start": 1724085568078, "stop": 1724085570197}], "start": 1724085565952, "stop": 1724085570197}, {"name": "получение списка заказов в работе", "status": "broken", "statusDetails": {"message": "selenium.common.exceptions.NoSuchElementException: Message: no such element: Unable to locate element: {\"method\":\"xpath\",\"selector\":\"(//ul[contains(@class,'orderList')]/li[contains(@class,'default')])[1]\"}\n  (Session info: chrome=127.0.6533.120); For documentation on this error, please visit: https://www.selenium.dev/documentation/webdriver/troubleshooting/errors#no-such-element-exception\nStacktrace:\n0   chromedriver                        0x00000001049f1024 cxxbridge1$str$ptr + 1887276\n1   chromedriver                        0x00000001049e9700 cxxbridge1$str$ptr + 1856264\n2   chromedriver                        0x00000001045f882c cxxbridge1$string$len + 88524\n3   chromedriver                        0x000000010463c834 cxxbridge1$string$len + 367060\n4   chromedriver                        0x000000010467448c cxxbridge1$string$len + 595500\n5   chromedriver                        0x0000000104631474 cxxbridge1$string$len + 321044\n6   chromedriver                        0x00000001046320e4 cxxbridge1$string$len + 324228\n7   chromedriver                        0x00000001049b8a08 cxxbridge1$str$ptr + 1656336\n8   chromedriver                        0x00000001049bd464 cxxbridge1$str$ptr + 1675372\n9   chromedriver                        0x000000010499e8ec cxxbridge1$str$ptr + 1549556\n10  chromedriver                        0x00000001049bdc14 cxxbridge1$str$ptr + 1677340\n11  chromedriver                        0x00000001049905fc cxxbridge1$str$ptr + 1491460\n12  chromedriver                        0x00000001049daa5c cxxbridge1$str$ptr + 1795684\n13  chromedriver                        0x00000001049dabd8 cxxbridge1$str$ptr + 1796064\n14  chromedriver                        0x00000001049e9334 cxxbridge1$str$ptr + 1855292\n15  libsystem_pthread.dylib             0x00000001832d9034 _pthread_start + 136\n16  libsystem_pthread.dylib             0x00000001832d3e3c thread_start + 8\n\n", "trace": "  File \"/Library/Frameworks/Python.framework/Versions/3.11/lib/python3.11/site-packages/allure_commons/_allure.py\", line 192, in impl\n    return func(*a, **kw)\n           ^^^^^^^^^^^^^^\n  File \"/Users/m.pecherskiy/Diplom_3/pages/page_order.py\", line 45, in get_orders_in_progress\n    self.click_on_element(Order.ACTIVE_ORDER_ITEM)\n  File \"/Library/Frameworks/Python.framework/Versions/3.11/lib/python3.11/site-packages/allure_commons/_allure.py\", line 192, in impl\n    return func(*a, **kw)\n           ^^^^^^^^^^^^^^\n  File \"/Users/m.pecherskiy/Diplom_3/pages/page.py\", line 19, in click_on_element\n    self.driver.find_element(*locator).click()\n    ^^^^^^^^^^^^^^^^^^^^^^^^^^^^^^^^^^\n  File \"/Library/Frameworks/Python.framework/Versions/3.11/lib/python3.11/site-packages/selenium/webdriver/remote/webdriver.py\", line 741, in find_element\n    return self.execute(Command.FIND_ELEMENT, {\"using\": by, \"value\": value})[\"value\"]\n           ^^^^^^^^^^^^^^^^^^^^^^^^^^^^^^^^^^^^^^^^^^^^^^^^^^^^^^^^^^^^^^^^^\n  File \"/Library/Frameworks/Python.framework/Versions/3.11/lib/python3.11/site-packages/selenium/webdriver/remote/webdriver.py\", line 347, in execute\n    self.error_handler.check_response(response)\n  File \"/Library/Frameworks/Python.framework/Versions/3.11/lib/python3.11/site-packages/selenium/webdriver/remote/errorhandler.py\", line 229, in check_response\n    raise exception_class(message, screen, stacktrace)\n"}, "steps": [{"name": "клик по нужному элементу", "status": "passed", "parameters": [{"name": "locator", "value": "('xpath', \"//section[contains(@class, 'Modal_modal_opened')]//button[contains(@class, 'close')]\")"}, {"name": "wait", "value": "None"}], "start": 1724085570197, "stop": 1724085570224}, {"name": "клик по нужному элементу", "status": "passed", "parameters": [{"name": "locator", "value": "('xpath', \"//a[@href='/feed']\")"}, {"name": "wait", "value": "None"}], "start": 1724085570224, "stop": 1724085570487}, {"name": "клик по нужному элементу", "status": "broken", "statusDetails": {"message": "selenium.common.exceptions.NoSuchElementException: Message: no such element: Unable to locate element: {\"method\":\"xpath\",\"selector\":\"(//ul[contains(@class,'orderList')]/li[contains(@class,'default')])[1]\"}\n  (Session info: chrome=127.0.6533.120); For documentation on this error, please visit: https://www.selenium.dev/documentation/webdriver/troubleshooting/errors#no-such-element-exception\nStacktrace:\n0   chromedriver                        0x00000001049f1024 cxxbridge1$str$ptr + 1887276\n1   chromedriver                        0x00000001049e9700 cxxbridge1$str$ptr + 1856264\n2   chromedriver                        0x00000001045f882c cxxbridge1$string$len + 88524\n3   chromedriver                        0x000000010463c834 cxxbridge1$string$len + 367060\n4   chromedriver                        0x000000010467448c cxxbridge1$string$len + 595500\n5   chromedriver                        0x0000000104631474 cxxbridge1$string$len + 321044\n6   chromedriver                        0x00000001046320e4 cxxbridge1$string$len + 324228\n7   chromedriver                        0x00000001049b8a08 cxxbridge1$str$ptr + 1656336\n8   chromedriver                        0x00000001049bd464 cxxbridge1$str$ptr + 1675372\n9   chromedriver                        0x000000010499e8ec cxxbridge1$str$ptr + 1549556\n10  chromedriver                        0x00000001049bdc14 cxxbridge1$str$ptr + 1677340\n11  chromedriver                        0x00000001049905fc cxxbridge1$str$ptr + 1491460\n12  chromedriver                        0x00000001049daa5c cxxbridge1$str$ptr + 1795684\n13  chromedriver                        0x00000001049dabd8 cxxbridge1$str$ptr + 1796064\n14  chromedriver                        0x00000001049e9334 cxxbridge1$str$ptr + 1855292\n15  libsystem_pthread.dylib             0x00000001832d9034 _pthread_start + 136\n16  libsystem_pthread.dylib             0x00000001832d3e3c thread_start + 8\n\n", "trace": "  File \"/Library/Frameworks/Python.framework/Versions/3.11/lib/python3.11/site-packages/allure_commons/_allure.py\", line 192, in impl\n    return func(*a, **kw)\n           ^^^^^^^^^^^^^^\n  File \"/Users/m.pecherskiy/Diplom_3/pages/page.py\", line 19, in click_on_element\n    self.driver.find_element(*locator).click()\n    ^^^^^^^^^^^^^^^^^^^^^^^^^^^^^^^^^^\n  File \"/Library/Frameworks/Python.framework/Versions/3.11/lib/python3.11/site-packages/selenium/webdriver/remote/webdriver.py\", line 741, in find_element\n    return self.execute(Command.FIND_ELEMENT, {\"using\": by, \"value\": value})[\"value\"]\n           ^^^^^^^^^^^^^^^^^^^^^^^^^^^^^^^^^^^^^^^^^^^^^^^^^^^^^^^^^^^^^^^^^\n  File \"/Library/Frameworks/Python.framework/Versions/3.11/lib/python3.11/site-packages/selenium/webdriver/remote/webdriver.py\", line 347, in execute\n    self.error_handler.check_response(response)\n  File \"/Library/Frameworks/Python.framework/Versions/3.11/lib/python3.11/site-packages/selenium/webdriver/remote/errorhandler.py\", line 229, in check_response\n    raise exception_class(message, screen, stacktrace)\n"}, "parameters": [{"name": "locator", "value": "('xpath', \"(//ul[contains(@class,'orderList')]/li[contains(@class,'default')])[1]\")"}, {"name": "wait", "value": "None"}], "start": 1724085570487, "stop": 1724085570496}], "start": 1724085570197, "stop": 1724085570497}], "parameters": [{"name": "driver", "value": "'chrome'"}], "start": 1724085565673, "stop": 1724085570497, "uuid": "1a521f2e-9591-4a81-a990-cae29096ec56", "historyId": "91cd629c8859e8d04b8be215ed908494", "testCaseId": "cc1e447f5fb94ab03bfdb0fb51f317d1", "fullName": "tests.test_orders.TestOrder#test_order_from_history", "labels": [{"name": "parentSuite", "value": "tests"}, {"name": "suite", "value": "test_orders"}, {"name": "subSuite", "value": "TestOrder"}, {"name": "host", "value": "MacBook-Pro-w-adm-8.local"}, {"name": "thread", "value": "82102-MainThread"}, {"name": "framework", "value": "pytest"}, {"name": "language", "value": "cpython3"}, {"name": "package", "value": "tests.test_orders"}]}